◇ injected env (12) from .env // tip: ◈ encrypted .env [www.dotenvx.com]
📦 Usando SQLite en: C:\Users\rubiu\OneDrive\Desktop\UNI\S3\WEB-DEV\Tarea 23\backend\papel_luna_pos.sqlite
Database connection ready
Papel & Luna API running on http://localhost:8000
[0mGET /api/helath [33m404[0m 9.853 ms - 65[0m
[0mGET /api/health [32m200[0m 1.889 ms - 50[0m
[0mGET /api/health [32m200[0m 0.875 ms - 50[0m
[0mGET /api/purchases [33m403[0m 26.755 ms - 74[0m
[0mGET /api/sales [31m500[0m 150.137 ms - 62[0m
[0mGET /api/categories [32m200[0m 153.286 ms - 2197[0m
[0mGET /api/suppliers [32m200[0m 154.542 ms - 640[0m
[0mGET /api/customers [32m200[0m 156.922 ms - 586[0m
[0mGET /api/products [31m500[0m 177.133 ms - 62[0m
[0mGET /api/users [33m403[0m 13.459 ms - 74[0m
[0mGET /api/missing-requests [31m500[0m 18.584 ms - 62[0m
[0mGET /api/health [32m200[0m 1.779 ms - 50[0m
[0mGET /api/producto [33m404[0m 1.512 ms - 67[0m
[0mGET /api/products [33m401[0m 0.602 ms - 47[0m
[0mGET /products [33m404[0m 0.872 ms - 63[0m
[0mGET /api/products [33m401[0m 0.288 ms - 47[0m
[0mGET /api/products [31m500[0m 39.571 ms - 62[0m
[0mGET /api/purchases [33m403[0m 19.786 ms - 74[0m
[0mGET /api/customers [36m304[0m 44.899 ms - -[0m
[0mGET /api/sales [31m500[0m 95.876 ms - 62[0m
[0mGET /api/users [33m403[0m 63.251 ms - 74[0m
[0mGET /api/categories [36m304[0m 94.533 ms - -[0m
[0mGET /api/suppliers [36m304[0m 104.434 ms - -[0m
[0mGET /api/missing-requests [31m500[0m 67.814 ms - 62[0m
[0mGET /api/products [31m500[0m 29.017 ms - 62[0m
[0mGET /api/sales [31m500[0m 71.132 ms - 62[0m
[0mGET /api/customers [36m304[0m 66.176 ms - -[0m
[0mGET /api/purchases [33m403[0m 65.788 ms - 74[0m
[0mGET /api/categories [36m304[0m 73.224 ms - -[0m
[0mGET /api/users [33m403[0m 50.663 ms - 74[0m
[0mGET /api/suppliers [36m304[0m 76.645 ms - -[0m
[0mGET /api/missing-requests [31m500[0m 12.091 ms - 62[0m
[0mPOST /api/products [33m401[0m 0.615 ms - 47[0m
[0mGET /api/products [31m500[0m 26.608 ms - 62[0m
[0mGET /api/sales [31m500[0m 122.834 ms - 62[0m
[0mGET /api/suppliers [36m304[0m 117.731 ms - -[0m
[0mGET /api/categories [36m304[0m 125.187 ms - -[0m
[0mGET /api/purchases [33m403[0m 104.981 ms - 74[0m
[0mGET /api/customers [36m304[0m 126.192 ms - -[0m
[0mGET /api/users [33m403[0m 8.564 ms - 74[0m
[0mGET /api/missing-requests [31m500[0m 17.922 ms - 62[0m
[0mPOST /api/login [33m404[0m 0.277 ms - 65[0m
[0mPOST /api/login [33m404[0m 0.270 ms - 65[0m
[0mPOST /api/login [33m404[0m 0.241 ms - 65[0m
[0mPOST /api/login [33m404[0m 0.472 ms - 65[0m
[0mGET /api/purchases [33m403[0m 10.250 ms - 74[0m
[0mGET /api/products [31m500[0m 48.439 ms - 62[0m
[0mGET /api/categories [36m304[0m 48.250 ms - -[0m
[0mGET /api/users [33m403[0m 25.830 ms - 74[0m
[0mGET /api/customers [36m304[0m 48.095 ms - -[0m
[0mGET /api/suppliers [36m304[0m 46.384 ms - -[0m
[0mGET /api/sales [31m500[0m 122.206 ms - 62[0m
[0mGET /api/missing-requests [31m500[0m 108.489 ms - 62[0m
[0mGET /api/purchases [33m403[0m 19.660 ms - 74[0m
[0mGET /api/products [31m500[0m 55.449 ms - 62[0m
[0mGET /api/customers [36m304[0m 47.665 ms - -[0m
[0mGET /api/users [33m403[0m 18.780 ms - 74[0m
[0mGET /api/categories [36m304[0m 56.532 ms - -[0m
[0mGET /api/suppliers [36m304[0m 51.059 ms - -[0m
[0mGET /api/sales [31m500[0m 141.750 ms - 62[0m
[0mGET /api/missing-requests [31m500[0m 100.823 ms - 62[0m
[0mGET /api/purchases [33m403[0m 11.167 ms - 74[0m
[0mGET /api/categories [36m304[0m 30.793 ms - -[0m
[0mGET /api/suppliers [36m304[0m 28.457 ms - -[0m
[0mGET /api/users [33m403[0m 12.496 ms - 74[0m
[0mGET /api/products [31m500[0m 47.391 ms - 62[0m
[0mGET /api/sales [31m500[0m 122.723 ms - 62[0m
[0mGET /api/customers [36m304[0m 123.664 ms - -[0m
[0mGET /api/missing-requests [31m500[0m 120.893 ms - 62[0m
[0mGET /api/purchases [33m403[0m 11.113 ms - 74[0m
[0mGET /api/products [31m500[0m 42.830 ms - 62[0m
[0mGET /api/suppliers [36m304[0m 38.009 ms - -[0m
[0mGET /api/users [33m403[0m 21.717 ms - 74[0m
[0mGET /api/categories [36m304[0m 45.160 ms - -[0m
[0mGET /api/customers [36m304[0m 47.020 ms - -[0m
[0mGET /api/sales [31m500[0m 133.800 ms - 62[0m
[0mGET /api/missing-requests [31m500[0m 113.671 ms - 62[0m
[0mGET / [36m304[0m 7.565 ms - -[0m
[0mGET /css/styles.css [36m304[0m 2.291 ms - -[0m
[0mGET /js/config.js?v=20260502-5 [36m304[0m 2.962 ms - -[0m
[0mGET /js/state.js?v=20260502-5 [36m304[0m 3.709 ms - -[0m
[0mGET /js/api.js?v=20260502-5 [36m304[0m 5.757 ms - -[0m
[0mGET /js/products.js?v=20260502-5 [36m304[0m 7.081 ms - -[0m
[0mGET /js/sales.js?v=20260502-5 [36m304[0m 2.954 ms - -[0m
[0mGET /js/reports.js?v=20260502-5 [36m304[0m 2.567 ms - -[0m
[0mGET /js/ui.js?v=20260502-5 [36m304[0m 3.666 ms - -[0m
[0mGET /js/app.js?v=20260502-5 [36m304[0m 5.271 ms - -[0m
[0mGET /api/health [36m304[0m 2.057 ms - -[0m
[0mPOST /api/auth/login [33m401[0m 155.671 ms - 63[0m
[0mGET /api/health [36m304[0m 1.071 ms - -[0m
[0mPOST /api/auth/login [33m401[0m 130.685 ms - 63[0m
[0mGET /api/health [36m304[0m 0.959 ms - -[0m
[0mPOST /api/auth/login [33m401[0m 118.056 ms - 63[0m
[0mGET /api/health [36m304[0m 0.794 ms - -[0m
[0mPOST /api/auth/login [32m200[0m 179.338 ms - 579[0m
[0mGET / [36m304[0m 0.760 ms - -[0m
[0mGET /css/styles.css [36m304[0m 2.405 ms - -[0m
[0mGET /js/config.js?v=20260502-5 [36m304[0m 2.353 ms - -[0m
[0mGET /js/state.js?v=20260502-5 [36m304[0m 4.955 ms - -[0m
[0mGET /js/products.js?v=20260502-5 [36m304[0m 2.714 ms - -[0m
[0mGET /js/sales.js?v=20260502-5 [36m304[0m 3.532 ms - -[0m
[0mGET /js/api.js?v=20260502-5 [36m304[0m 4.366 ms - -[0m
[0mGET /js/reports.js?v=20260502-5 [36m304[0m 1.009 ms - -[0m
[0mGET /js/ui.js?v=20260502-5 [36m304[0m 2.246 ms - -[0m
[0mGET /js/app.js?v=20260502-5 [36m304[0m 3.148 ms - -[0m
[0mGET /api/auth/me [32m200[0m 4.409 ms - 335[0m
[0mGET /api/products [31m500[0m 31.911 ms - 62[0m
[0mGET /api/suppliers [36m304[0m 28.175 ms - -[0m
[0mGET /api/categories [36m304[0m 32.384 ms - -[0m
[0mGET /api/customers [36m304[0m 39.065 ms - -[0m
[0mGET /api/sales [31m500[0m 127.473 ms - 62[0m
[0mGET /api/purchases [31m500[0m 193.197 ms - 62[0m
[0mGET /api/users [32m200[0m 174.652 ms - 2281[0m
[0mGET /api/missing-requests [31m500[0m 182.386 ms - 62[0m
[0mGET /api/customers [36m304[0m 28.643 ms - -[0m
[0mGET /api/purchases [31m500[0m 99.350 ms - 62[0m
[0mGET /api/sales [31m500[0m 179.613 ms - 62[0m
[0mGET /api/products [31m500[0m 189.999 ms - 62[0m
[0mGET /api/suppliers [36m304[0m 186.792 ms - -[0m
[0mGET /api/categories [36m304[0m 194.032 ms - -[0m
[0mGET /api/users [36m304[0m 14.412 ms - -[0m
[0mGET /api/missing-requests [31m500[0m 22.138 ms - 62[0m
[0mGET /api/products [31m500[0m 42.532 ms - 62[0m
[0mGET /api/customers [36m304[0m 39.677 ms - -[0m
[0mGET /api/sales [31m500[0m 113.867 ms - 62[0m
[0mGET /api/categories [36m304[0m 119.559 ms - -[0m
[0mGET /api/suppliers [36m304[0m 118.387 ms - -[0m
[0mGET /api/purchases [31m500[0m 192.212 ms - 62[0m
[0mGET /api/users [36m304[0m 97.310 ms - -[0m
[0mGET /api/missing-requests [31m500[0m 108.837 ms - 62[0m
[0mGET /api/products [31m500[0m 8.066 ms - 62[0m
[0mGET /api/sales [31m500[0m 44.201 ms - 62[0m
[0mGET /api/purchases [31m500[0m 62.023 ms - 62[0m
[0mGET /api/customers [36m304[0m 65.450 ms - -[0m
[0mGET /api/categories [36m304[0m 68.598 ms - -[0m
[0mGET /api/suppliers [36m304[0m 67.118 ms - -[0m
[0mGET /api/users [36m304[0m 67.329 ms - -[0m
[0mGET /api/missing-requests [31m500[0m 12.249 ms - 62[0m
[0mGET /api/products [31m500[0m 47.529 ms - 62[0m
[0mGET /api/sales [31m500[0m 114.728 ms - 62[0m
[0mGET /api/categories [36m304[0m 115.255 ms - -[0m
[0mGET /api/customers [36m304[0m 116.350 ms - -[0m
[0mGET /api/suppliers [36m304[0m 116.186 ms - -[0m
[0mGET /api/purchases [31m500[0m 222.249 ms - 62[0m
[0mGET /api/users [36m304[0m 121.735 ms - -[0m
[0mGET /api/missing-requests [31m500[0m 22.063 ms - 62[0m
[0mGET /api/products [31m500[0m 32.619 ms - 62[0m
[0mGET /api/purchases [31m500[0m 56.456 ms - 62[0m
[0mGET /api/suppliers [36m304[0m 58.969 ms - -[0m
[0mGET /api/sales [31m500[0m 94.316 ms - 62[0m
[0mGET /api/categories [36m304[0m 93.709 ms - -[0m
[0mGET /api/customers [36m304[0m 93.751 ms - -[0m
[0mGET /api/users [36m304[0m 38.251 ms - -[0m
[0mGET /api/missing-requests [31m500[0m 11.295 ms - 62[0m
[0mGET /api/products [31m500[0m 11.594 ms - 62[0m
[0mGET /api/sales [31m500[0m 44.774 ms - 62[0m
[0mGET /api/categories [36m304[0m 46.643 ms - -[0m
[0mGET /api/users [36m304[0m 39.085 ms - -[0m
[0mGET /api/purchases [31m500[0m 63.877 ms - 62[0m
[0mGET /api/suppliers [36m304[0m 66.730 ms - -[0m
[0mGET /api/customers [36m304[0m 69.351 ms - -[0m
[0mGET /api/missing-requests [31m500[0m 40.620 ms - 62[0m
[0mGET /api/customers [36m304[0m 26.510 ms - -[0m
[0mGET /api/sales [31m500[0m 98.254 ms - 62[0m
[0mGET /api/products [31m500[0m 114.243 ms - 62[0m
[0mGET /api/categories [36m304[0m 113.325 ms - -[0m
[0mGET /api/suppliers [36m304[0m 111.185 ms - -[0m
[0mGET /api/purchases [31m500[0m 252.859 ms - 62[0m
[0mGET /api/users [36m304[0m 173.016 ms - -[0m
[0mGET /api/missing-requests [31m500[0m 165.977 ms - 62[0m
[0mGET /api/products [31m500[0m 40.972 ms - 62[0m
[0mGET /api/sales [31m500[0m 111.535 ms - 62[0m
[0mGET /api/purchases [31m500[0m 174.522 ms - 62[0m
[0mGET /api/suppliers [36m304[0m 188.075 ms - -[0m
[0mGET /api/customers [36m304[0m 192.162 ms - -[0m
[0mGET /api/categories [36m304[0m 197.915 ms - -[0m
[0mGET /api/users [36m304[0m 24.121 ms - -[0m
[0mGET /api/missing-requests [31m500[0m 31.229 ms - 62[0m
[0mGET /api/products [31m500[0m 40.739 ms - 62[0m
[0mGET /api/suppliers [36m304[0m 31.331 ms - -[0m
[0mGET /api/purchases [31m500[0m 97.681 ms - 62[0m
[0mGET /api/sales [31m500[0m 180.123 ms - 62[0m
[0mGET /api/categories [36m304[0m 181.318 ms - -[0m
[0mGET /api/customers [36m304[0m 179.750 ms - -[0m
[0mGET /api/users [36m304[0m 87.457 ms - -[0m
[0mGET /api/missing-requests [31m500[0m 96.690 ms - 62[0m
[0mGET /api/sales [31m500[0m 99.717 ms - 62[0m
[0mGET /api/categories [36m304[0m 100.281 ms - -[0m
[0mGET /api/purchases [31m500[0m 163.621 ms - 62[0m
[0mGET /api/customers [36m304[0m 172.794 ms - -[0m
[0mGET /api/suppliers [36m304[0m 171.435 ms - -[0m
[0mGET /api/products [31m500[0m 197.308 ms - 62[0m
[0mGET /api/users [36m304[0m 26.978 ms - -[0m
[0mGET /api/missing-requests [31m500[0m 36.436 ms - 62[0m
[0mGET /api/products [31m500[0m 21.861 ms - 62[0m
[0mGET /api/sales [31m500[0m 89.785 ms - 62[0m
[0mGET /api/categories [36m304[0m 88.610 ms - -[0m
[0mGET /api/customers [36m304[0m 89.066 ms - -[0m
[0mGET /api/suppliers [36m304[0m 90.525 ms - -[0m
[0mGET /api/purchases [31m500[0m 82.791 ms - 62[0m
[0mGET /api/users [36m304[0m 8.573 ms - -[0m
[0mGET /api/missing-requests [31m500[0m 16.429 ms - 62[0m
[0mGET /api/products [31m500[0m 29.593 ms - 62[0m
[0mGET /api/sales [31m500[0m 122.209 ms - 62[0m
[0mGET /api/categories [36m304[0m 7.988 ms - -[0m
[0mGET /api/customers [36m304[0m 6.703 ms - -[0m
[0mGET /api/suppliers [36m304[0m 17.954 ms - -[0m
[0mGET /api/purchases [31m500[0m 82.483 ms - 62[0m
[0mGET /api/users [36m304[0m 82.403 ms - -[0m
[0mGET /api/missing-requests [31m500[0m 92.670 ms - 62[0m
[0mGET /api/products [31m500[0m 32.219 ms - 62[0m
[0mGET /api/suppliers [36m304[0m 38.507 ms - -[0m
[0mGET /api/categories [36m304[0m 50.792 ms - -[0m
[0mGET /api/sales [31m500[0m 126.600 ms - 62[0m
[0mGET /api/customers [36m304[0m 125.193 ms - -[0m
[0mGET /api/purchases [31m500[0m 195.858 ms - 62[0m
[0mGET /api/users [36m304[0m 179.358 ms - -[0m
[0mGET /api/missing-requests [31m500[0m 180.654 ms - 62[0m
[0mGET /api/products [31m500[0m 20.221 ms - 62[0m
[0mGET /api/sales [31m500[0m 144.261 ms - 62[0m
[0mGET /api/categories [36m304[0m 66.408 ms - -[0m
[0mGET /api/customers [36m304[0m 7.569 ms - -[0m
[0mGET /api/suppliers [36m304[0m 6.565 ms - -[0m
[0mGET /api/purchases [31m500[0m 84.979 ms - 62[0m
[0mGET /api/users [36m304[0m 13.952 ms - -[0m
[0mGET /api/missing-requests [31m500[0m 16.516 ms - 62[0m
[0mGET /api/sales [31m500[0m 94.365 ms - 62[0m
[0mGET /api/products [31m500[0m 105.873 ms - 62[0m
[0mGET /api/categories [36m304[0m 110.844 ms - -[0m
[0mGET /api/suppliers [36m304[0m 106.235 ms - -[0m
[0mGET /api/customers [36m304[0m 119.362 ms - -[0m
[0mGET /api/purchases [31m500[0m 177.163 ms - 62[0m
[0mGET /api/users [36m304[0m 93.320 ms - -[0m
[0mGET /api/missing-requests [31m500[0m 98.240 ms - 62[0m
[0mGET /api/products [31m500[0m 19.729 ms - 62[0m
[0mGET /api/sales [31m500[0m 240.741 ms - 62[0m
[0mGET /api/categories [36m304[0m 241.484 ms - -[0m
[0mGET /api/customers [36m304[0m 9.770 ms - -[0m
[0mGET /api/suppliers [36m304[0m 6.246 ms - -[0m
[0mGET /api/purchases [31m500[0m 94.239 ms - 62[0m
[0mGET /api/users [36m304[0m 9.181 ms - -[0m
[0mGET /api/missing-requests [31m500[0m 17.154 ms - 62[0m
[0mGET /api/products [31m500[0m 32.153 ms - 62[0m
[0mGET /api/categories [36m304[0m 31.375 ms - -[0m
[0mGET /api/customers [36m304[0m 32.510 ms - -[0m
[0mGET /api/sales [31m500[0m 125.619 ms - 62[0m
[0mGET /api/suppliers [36m304[0m 107.315 ms - -[0m
[0mGET /api/purchases [31m500[0m 172.923 ms - 62[0m
[0mGET /api/users [36m304[0m 103.470 ms - -[0m
[0mGET /api/missing-requests [31m500[0m 103.362 ms - 62[0m
[0mGET /api/products [31m500[0m 48.292 ms - 62[0m
[0mGET /api/customers [36m304[0m 46.096 ms - -[0m
[0mGET /api/categories [36m304[0m 50.006 ms - -[0m
[0mGET /api/sales [31m500[0m 128.130 ms - 62[0m
[0mGET /api/suppliers [36m304[0m 135.551 ms - -[0m
[0mGET /api/purchases [31m500[0m 200.493 ms - 62[0m
[0mGET /api/users [36m304[0m 100.462 ms - -[0m
[0mGET /api/missing-requests [31m500[0m 109.679 ms - 62[0m
[0mGET /api/categories [36m304[0m 35.360 ms - -[0m
[0mGET /api/suppliers [36m304[0m 30.646 ms - -[0m
[0mGET /api/products [31m500[0m 55.684 ms - 62[0m
[0mGET /api/sales [31m500[0m 131.627 ms - 62[0m
[0mGET /api/customers [36m304[0m 136.284 ms - -[0m
[0mGET /api/purchases [31m500[0m 211.760 ms - 62[0m
[0mGET /api/users [36m304[0m 105.266 ms - -[0m
[0mGET /api/missing-requests [31m500[0m 115.428 ms - 62[0m
[0mGET /api/products [31m500[0m 15.428 ms - 62[0m
[0mGET /api/sales [31m500[0m 91.701 ms - 62[0m
[0mGET /api/categories [36m304[0m 13.329 ms - -[0m
[0mGET /api/customers [36m304[0m 13.329 ms - -[0m
[0mGET /api/suppliers [36m304[0m 6.235 ms - -[0m
[0mGET /api/purchases [31m500[0m 75.362 ms - 62[0m
[0mGET /api/users [36m304[0m 10.878 ms - -[0m
[0mGET /api/missing-requests [31m500[0m 23.188 ms - 62[0m
[0mGET /api/products [31m500[0m 17.111 ms - 62[0m
[0mGET /api/sales [31m500[0m 91.501 ms - 62[0m
[0mGET /api/categories [36m304[0m 17.905 ms - -[0m
[0mGET /api/customers [36m304[0m 12.712 ms - -[0m
[0mGET /api/suppliers [36m304[0m 18.233 ms - -[0m
[0mGET /api/purchases [31m500[0m 87.485 ms - 62[0m
[0mGET /api/users [36m304[0m 14.492 ms - -[0m
[0mGET /api/missing-requests [31m500[0m 19.696 ms - 62[0m
[0mGET /api/products [31m500[0m 436.994 ms - 62[0m
[0mGET /api/categories [36m304[0m 447.273 ms - -[0m
[0mGET /api/suppliers [36m304[0m 435.828 ms - -[0m
[0mGET /api/purchases [31m500[0m 874.171 ms - 62[0m
[0mGET /api/customers [36m304[0m 884.942 ms - -[0m
[0mGET /api/sales [31m500[0m 1217.794 ms - 62[0m
[0mGET /api/users [36m304[0m 161.229 ms - -[0m
[0mGET /api/missing-requests [31m500[0m 212.689 ms - 62[0m
[0mGET /api/categories [36m304[0m 37.575 ms - -[0m
[0mGET /api/products [31m500[0m 71.440 ms - 62[0m
[0mGET /api/sales [31m500[0m 184.321 ms - 62[0m
[0mGET /api/suppliers [36m304[0m 189.380 ms - -[0m
[0mGET /api/customers [36m304[0m 174.749 ms - -[0m
[0mGET /api/purchases [31m500[0m 261.303 ms - 62[0m
[0mGET /api/missing-requests [31m500[0m 112.293 ms - 62[0m
[0mGET /api/users [36m304[0m 119.788 ms - -[0m
[0mGET /api/products [31m500[0m 39.889 ms - 62[0m
[0mGET /api/sales [31m500[0m 122.591 ms - 62[0m
[0mGET /api/categories [36m304[0m 121.543 ms - -[0m
[0mGET /api/customers [36m304[0m 125.761 ms - -[0m
[0mGET /api/suppliers [36m304[0m 124.853 ms - -[0m
[0mGET /api/purchases [31m500[0m 198.669 ms - 62[0m
[0mGET /api/users [36m304[0m 175.915 ms - -[0m
[0mGET /api/missing-requests [31m500[0m 100.950 ms - 62[0m
[0mGET /api/products [31m500[0m 46.633 ms - 62[0m
[0mGET /api/sales [31m500[0m 195.937 ms - 62[0m
[0mGET /api/categories [36m304[0m 157.626 ms - -[0m
[0mGET /api/users [36m304[0m 153.833 ms - -[0m
[0mGET /api/purchases [31m500[0m 248.473 ms - 62[0m
[0mGET /api/suppliers [36m304[0m 254.349 ms - -[0m
[0mGET /api/customers [36m304[0m 260.535 ms - -[0m
[0mGET /api/missing-requests [31m500[0m 20.501 ms - 62[0m
[0mGET /api/products [31m500[0m 45.376 ms - 62[0m
[0mGET /api/categories [36m304[0m 43.067 ms - -[0m
[0mGET /api/sales [31m500[0m 130.854 ms - 62[0m
[0mGET /api/purchases [31m500[0m 212.964 ms - 62[0m
[0mGET /api/suppliers [36m304[0m 221.151 ms - -[0m
[0mGET /api/customers [36m304[0m 227.884 ms - -[0m
[0mGET /api/missing-requests [31m500[0m 123.721 ms - 62[0m
[0mGET /api/users [36m304[0m 129.532 ms - -[0m
[0mGET /api/products [31m500[0m 32.379 ms - 62[0m
[0mGET /api/sales [31m500[0m 116.993 ms - 62[0m
[0mGET /api/categories [36m304[0m 127.838 ms - -[0m
[0mGET /api/customers [36m304[0m 128.331 ms - -[0m
[0mGET /api/suppliers [36m304[0m 127.213 ms - -[0m
[0mGET /api/purchases [31m500[0m 196.588 ms - 62[0m
[0mGET /api/users [36m304[0m 185.615 ms - -[0m
[0mGET /api/missing-requests [31m500[0m 108.837 ms - 62[0m
[0mGET /api/products [31m500[0m 155.269 ms - 62[0m
[0mGET /api/sales [31m500[0m 324.372 ms - 62[0m
[0mGET /api/categories [36m304[0m 333.007 ms - -[0m
[0mGET /api/customers [36m304[0m 335.423 ms - -[0m
[0mGET /api/suppliers [36m304[0m 337.327 ms - -[0m
[0mGET /api/purchases [31m500[0m 477.493 ms - 62[0m
[0mGET /api/users [36m304[0m 222.960 ms - -[0m
[0mGET /api/missing-requests [31m500[0m 341.336 ms - 62[0m
[0mGET /api/categories [36m304[0m 31.051 ms - -[0m
[0mGET /api/suppliers [36m304[0m 27.516 ms - -[0m
[0mGET /api/sales [31m500[0m 135.505 ms - 62[0m
[0mGET /api/products [31m500[0m 149.883 ms - 62[0m
[0mGET /api/customers [36m304[0m 142.470 ms - -[0m
[0mGET /api/purchases [31m500[0m 248.236 ms - 62[0m
[0mGET /api/users [36m304[0m 121.708 ms - -[0m
[0mGET /api/missing-requests [31m500[0m 134.129 ms - 62[0m
[0mGET /api/products [31m500[0m 21.890 ms - 62[0m
[0mGET /api/sales [31m500[0m 205.291 ms - 62[0m
[0mGET /api/users [36m304[0m 194.292 ms - -[0m
[0mGET /api/suppliers [36m304[0m 203.339 ms - -[0m
[0mGET /api/purchases [31m500[0m 296.671 ms - 62[0m
[0mGET /api/customers [36m304[0m 304.855 ms - -[0m
[0mGET /api/categories [36m304[0m 311.052 ms - -[0m
[0mGET /api/missing-requests [31m500[0m 22.333 ms - 62[0m
[0mGET /api/products [31m500[0m 80.972 ms - 62[0m
[0mGET /api/suppliers [36m304[0m 73.964 ms - -[0m
[0mGET /api/categories [36m304[0m 82.818 ms - -[0m
[0mGET /api/sales [31m500[0m 212.112 ms - 62[0m
[0mGET /api/customers [36m304[0m 210.557 ms - -[0m
[0mGET /api/purchases [31m500[0m 290.475 ms - 62[0m
[0mGET /api/users [36m304[0m 17.255 ms - -[0m
[0mGET /api/missing-requests [31m500[0m 30.151 ms - 62[0m
[0mGET /api/products [31m500[0m 18.579 ms - 62[0m
[0mGET /api/sales [31m500[0m 96.588 ms - 62[0m
[0mGET /api/purchases [31m500[0m 173.815 ms - 62[0m
[0mGET /api/customers [36m304[0m 184.365 ms - -[0m
[0mGET /api/categories [36m304[0m 191.759 ms - -[0m
[0mGET /api/missing-requests [31m500[0m 110.613 ms - 62[0m
[0mGET /api/suppliers [36m304[0m 198.264 ms - -[0m
[0mGET /api/users [36m304[0m 198.510 ms - -[0m
[0mGET /api/categories [36m304[0m 46.801 ms - -[0m
[0mGET /api/products [31m500[0m 94.182 ms - 62[0m
[0mGET /api/purchases [31m500[0m 192.924 ms - 62[0m
[0mGET /api/suppliers [36m304[0m 201.845 ms - -[0m
[0mGET /api/sales [31m500[0m 310.216 ms - 62[0m
[0mGET /api/customers [36m304[0m 305.634 ms - -[0m
[0mGET /api/users [36m304[0m 29.249 ms - -[0m
[0mGET /api/missing-requests [31m500[0m 37.662 ms - 62[0m
[0mGET /api/products [31m500[0m 19.799 ms - 62[0m
[0mGET /api/sales [31m500[0m 112.710 ms - 62[0m
[0mGET /api/categories [36m304[0m 112.972 ms - -[0m
[0mGET /api/purchases [31m500[0m 193.536 ms - 62[0m
[0mGET /api/suppliers [36m304[0m 199.382 ms - -[0m
[0mGET /api/customers [36m304[0m 202.692 ms - -[0m
[0mGET /api/users [36m304[0m 205.597 ms - -[0m
[0mGET /api/missing-requests [31m500[0m 39.234 ms - 62[0m
[0mGET /api/customers [36m304[0m 25.068 ms - -[0m
[0mGET /api/purchases [31m500[0m 99.217 ms - 62[0m
[0mGET /api/suppliers [36m304[0m 103.780 ms - -[0m
[0mGET /api/products [31m500[0m 133.502 ms - 62[0m
[0mGET /api/categories [36m304[0m 131.510 ms - -[0m
[0mGET /api/sales [31m500[0m 211.862 ms - 62[0m
[0mGET /api/users [36m304[0m 124.827 ms - -[0m
[0mGET /api/missing-requests [31m500[0m 135.241 ms - 62[0m
[0mGET /api/products [31m500[0m 34.543 ms - 62[0m
[0mGET /api/categories [36m304[0m 44.622 ms - -[0m
[0mGET /api/suppliers [36m304[0m 39.318 ms - -[0m
[0mGET /api/customers [36m304[0m 42.965 ms - -[0m
[0mGET /api/sales [31m500[0m 141.449 ms - 62[0m
[0mGET /api/purchases [31m500[0m 206.076 ms - 62[0m
[0mGET /api/users [36m304[0m 196.640 ms - -[0m
[0mGET /api/missing-requests [31m500[0m 39.240 ms - 62[0m
[0mGET /api/products [31m500[0m 26.170 ms - 62[0m
[0mGET /api/suppliers [36m304[0m 32.150 ms - -[0m
[0mGET /api/purchases [31m500[0m 102.840 ms - 62[0m
[0mGET /api/categories [36m304[0m 116.850 ms - -[0m
[0mGET /api/sales [31m500[0m 227.983 ms - 62[0m
[0mGET /api/customers [36m304[0m 226.150 ms - -[0m
[0mGET /api/users [36m304[0m 133.050 ms - -[0m
[0mGET /api/missing-requests [31m500[0m 141.670 ms - 62[0m
[0mGET /api/products [31m500[0m 33.090 ms - 62[0m
[0mGET /api/customers [36m304[0m 44.034 ms - -[0m
[0mGET /api/sales [31m500[0m 123.674 ms - 62[0m
[0mGET /api/suppliers [36m304[0m 121.572 ms - -[0m
[0mGET /api/purchases [31m500[0m 211.375 ms - 62[0m
[0mGET /api/categories [36m304[0m 220.053 ms - -[0m
[0mGET /api/users [36m304[0m 196.020 ms - -[0m
[0mGET /api/missing-requests [31m500[0m 117.618 ms - 62[0m
[0mGET /api/sales [31m500[0m 96.516 ms - 62[0m
[0mGET /api/purchases [31m500[0m 152.160 ms - 62[0m
[0mGET /api/customers [36m304[0m 159.706 ms - -[0m
[0mGET /api/suppliers [36m304[0m 162.937 ms - -[0m
[0mGET /api/products [31m500[0m 188.461 ms - 62[0m
[0mGET /api/categories [36m304[0m 184.979 ms - -[0m
[0mGET /api/users [36m304[0m 33.344 ms - -[0m
[0mGET /api/missing-requests [31m500[0m 42.249 ms - 62[0m
[0mGET /api/products [31m500[0m 56.490 ms - 62[0m
[0mGET /api/sales [31m500[0m 166.355 ms - 62[0m
[0mGET /api/suppliers [36m304[0m 162.313 ms - -[0m
[0mGET /api/purchases [31m500[0m 244.910 ms - 62[0m
[0mGET /api/customers [36m304[0m 255.374 ms - -[0m
[0mGET /api/categories [36m304[0m 259.935 ms - -[0m
[0mGET /api/users [36m304[0m 219.935 ms - -[0m
[0mGET /api/missing-requests [31m500[0m 30.306 ms - 62[0m
[0mGET /api/products [31m500[0m 39.627 ms - 62[0m
[0mGET /api/sales [31m500[0m 130.359 ms - 62[0m
[0mGET /api/customers [36m304[0m 138.550 ms - -[0m
[0mGET /api/categories [36m304[0m 142.327 ms - -[0m
[0mGET /api/suppliers [36m304[0m 139.039 ms - -[0m
[0mGET /api/purchases [31m500[0m 208.581 ms - 62[0m
[0mGET /api/users [36m304[0m 190.271 ms - -[0m
[0mGET /api/missing-requests [31m500[0m 101.185 ms - 62[0m
[0mGET /api/products [31m500[0m 18.885 ms - 62[0m
[0mGET /api/sales [31m500[0m 106.703 ms - 62[0m
[0mGET /api/purchases [31m500[0m 175.068 ms - 62[0m
[0mGET /api/users [36m304[0m 176.345 ms - -[0m
[0mGET /api/categories [36m304[0m 186.542 ms - -[0m
[0mGET /api/suppliers [36m304[0m 187.802 ms - -[0m
[0mGET /api/customers [36m304[0m 193.968 ms - -[0m
[0mGET /api/missing-requests [31m500[0m 131.949 ms - 62[0m
[0mGET /api/products [31m500[0m 43.709 ms - 62[0m
[0mGET /api/sales [31m500[0m 113.715 ms - 62[0m
[0mGET /api/suppliers [36m304[0m 112.247 ms - -[0m
[0mGET /api/purchases [31m500[0m 178.286 ms - 62[0m
[0mGET /api/customers [36m304[0m 187.112 ms - -[0m
[0mGET /api/categories [36m304[0m 195.720 ms - -[0m
[0mGET /api/missing-requests [31m500[0m 104.679 ms - 62[0m
[0mGET /api/users [36m304[0m 114.008 ms - -[0m
[0mGET /api/products [31m500[0m 45.327 ms - 62[0m
[0mGET /api/sales [31m500[0m 162.755 ms - 62[0m
[0mGET /api/categories [36m304[0m 177.348 ms - -[0m
[0mGET /api/purchases [31m500[0m 249.590 ms - 62[0m
[0mGET /api/users [36m304[0m 249.429 ms - -[0m
[0mGET /api/suppliers [36m304[0m 261.029 ms - -[0m
[0mGET /api/customers [36m304[0m 268.489 ms - -[0m
[0mGET /api/missing-requests [31m500[0m 205.889 ms - 62[0m
[0mGET /api/products [31m500[0m 43.580 ms - 62[0m
[0mGET /api/sales [31m500[0m 125.786 ms - 62[0m
[0mGET /api/purchases [31m500[0m 188.777 ms - 62[0m
[0mGET /api/categories [36m304[0m 207.652 ms - -[0m
[0mGET /api/suppliers [36m304[0m 204.723 ms - -[0m
[0mGET /api/customers [36m304[0m 214.135 ms - -[0m
[0mGET /api/users [36m304[0m 39.743 ms - -[0m
[0mGET /api/missing-requests [31m500[0m 48.672 ms - 62[0m
[0mGET /api/products [31m500[0m 28.247 ms - 62[0m
[0mGET /api/customers [36m304[0m 35.047 ms - -[0m
[0mGET /api/sales [31m500[0m 130.651 ms - 62[0m
[0mGET /api/categories [36m304[0m 130.871 ms - -[0m
[0mGET /api/purchases [31m500[0m 204.929 ms - 62[0m
[0mGET /api/suppliers [36m304[0m 210.804 ms - -[0m
[0mGET /api/users [36m304[0m 195.686 ms - -[0m
[0mGET /api/missing-requests [31m500[0m 221.266 ms - 62[0m
[0mGET /api/suppliers [36m304[0m 53.968 ms - -[0m
[0mGET /api/missing-requests [31m500[0m 63.326 ms - 62[0m
[0mGET /api/users [36m304[0m 62.889 ms - -[0m
[0mGET /api/products [31m500[0m 74.237 ms - 62[0m
[0mGET /api/customers [36m304[0m 74.528 ms - -[0m
[0mGET /api/sales [31m500[0m 162.447 ms - 62[0m
[0mGET /api/purchases [31m500[0m 97.655 ms - 62[0m
[0mGET /api/categories [36m304[0m 98.885 ms - -[0m
[0mGET /api/products [31m500[0m 67.874 ms - 62[0m
[0mGET /api/suppliers [36m304[0m 67.377 ms - -[0m
[0mGET /api/missing-requests [31m500[0m 87.889 ms - 62[0m
[0mGET /api/purchases [31m500[0m 215.342 ms - 62[0m
[0mGET /api/customers [36m304[0m 211.239 ms - -[0m
[0mGET /api/users [36m304[0m 216.090 ms - -[0m
[0mGET /api/categories [36m304[0m 146.416 ms - -[0m
[0mGET /api/sales [31m500[0m 226.856 ms - 62[0m
[0mGET /api/products [31m500[0m 34.227 ms - 62[0m
[0mGET /api/sales [31m500[0m 110.319 ms - 62[0m
[0mGET /api/customers [36m304[0m 107.321 ms - -[0m
[0mGET /api/suppliers [36m304[0m 107.058 ms - -[0m
[0mGET /api/categories [36m304[0m 113.860 ms - -[0m
[0mGET /api/users [36m304[0m 98.097 ms - -[0m
[0mGET /api/purchases [31m500[0m 190.003 ms - 62[0m
[0mGET /api/missing-requests [31m500[0m 98.250 ms - 62[0m
[0mGET /api/products [31m500[0m 34.556 ms - 62[0m
[0mGET /api/sales [31m500[0m 160.077 ms - 62[0m
[0mGET /api/purchases [31m500[0m 246.683 ms - 62[0m
[0mGET /api/users [36m304[0m 249.707 ms - -[0m
[0mGET /api/suppliers [36m304[0m 259.419 ms - -[0m
[0mGET /api/categories [36m304[0m 266.616 ms - -[0m
[0mGET /api/customers [36m304[0m 267.096 ms - -[0m
[0mGET /api/missing-requests [31m500[0m 29.165 ms - 62[0m
[0mGET /api/products [31m500[0m 17.586 ms - 62[0m
[0mGET /api/sales [31m500[0m 89.584 ms - 62[0m
[0mGET /api/categories [36m304[0m 11.775 ms - -[0m
[0mGET /api/customers [36m304[0m 11.058 ms - -[0m
[0mGET /api/suppliers [36m304[0m 4.968 ms - -[0m
[0mGET /api/purchases [31m500[0m 80.545 ms - 62[0m
[0mGET /api/users [36m304[0m 12.336 ms - -[0m
[0mGET /api/missing-requests [31m500[0m 19.608 ms - 62[0m
[0mGET /api/products [31m500[0m 60.926 ms - 62[0m
[0mGET /api/sales [31m500[0m 166.428 ms - 62[0m
[0mGET /api/suppliers [36m304[0m 169.451 ms - -[0m
[0mGET /api/customers [36m304[0m 173.740 ms - -[0m
[0mGET /api/purchases [31m500[0m 247.954 ms - 62[0m
[0mGET /api/categories [36m304[0m 265.719 ms - -[0m
[0mGET /api/users [36m304[0m 105.921 ms - -[0m
[0mGET /api/missing-requests [31m500[0m 118.043 ms - 62[0m
[0mGET /api/categories [36m304[0m 27.261 ms - -[0m
[0mGET /api/products [31m500[0m 46.401 ms - 62[0m
[0mGET /api/suppliers [36m304[0m 34.696 ms - -[0m
[0mGET /api/sales [31m500[0m 128.058 ms - 62[0m
[0mGET /api/customers [36m304[0m 126.178 ms - -[0m
[0mGET /api/purchases [31m500[0m 168.743 ms - 62[0m
[0mGET /api/users [36m304[0m 93.489 ms - -[0m
[0mGET /api/missing-requests [31m500[0m 101.911 ms - 62[0m
[0mGET /api/products [31m500[0m 49.925 ms - 62[0m
[0mGET /api/suppliers [36m304[0m 55.533 ms - -[0m
[0mGET /api/categories [36m304[0m 62.664 ms - -[0m
[0mGET /api/sales [31m500[0m 162.860 ms - 62[0m
[0mGET /api/purchases [31m500[0m 243.412 ms - 62[0m
[0mGET /api/customers [36m304[0m 249.996 ms - -[0m
[0mGET /api/users [36m304[0m 228.866 ms - -[0m
[0mGET /api/missing-requests [31m500[0m 120.855 ms - 62[0m
[0mGET /api/products [31m500[0m 38.491 ms - 62[0m
[0mGET /api/customers [36m304[0m 43.263 ms - -[0m
[0mGET /api/purchases [31m500[0m 123.720 ms - 62[0m
[0mGET /api/suppliers [36m304[0m 133.739 ms - -[0m
[0mGET /api/sales [31m500[0m 247.723 ms - 62[0m
[0mGET /api/categories [36m304[0m 248.742 ms - -[0m
[0mGET /api/users [36m304[0m 222.814 ms - -[0m
[0mGET /api/missing-requests [31m500[0m 143.338 ms - 62[0m
[0mGET /api/products [31m500[0m 38.220 ms - 62[0m
[0mGET /api/suppliers [36m304[0m 47.230 ms - -[0m
[0mGET /api/categories [36m304[0m 56.806 ms - -[0m
[0mGET /api/purchases [31m500[0m 133.962 ms - 62[0m
[0mGET /api/customers [36m304[0m 148.340 ms - -[0m
[0mGET /api/sales [31m500[0m 266.444 ms - 62[0m
[0mGET /api/users [36m304[0m 245.520 ms - -[0m
[0mGET /api/missing-requests [31m500[0m 150.034 ms - 62[0m
[0mGET /api/products [31m500[0m 43.647 ms - 62[0m
[0mGET /api/sales [31m500[0m 124.055 ms - 62[0m
[0mGET /api/purchases [31m500[0m 190.775 ms - 62[0m
[0mGET /api/categories [36m304[0m 203.624 ms - -[0m
[0mGET /api/suppliers [36m304[0m 200.433 ms - -[0m
[0mGET /api/customers [36m304[0m 204.649 ms - -[0m
[0mGET /api/users [36m304[0m 176.060 ms - -[0m
[0mGET /api/missing-requests [31m500[0m 27.845 ms - 62[0m
[0mGET /api/sales [31m500[0m 152.340 ms - 62[0m
[0mGET /api/products [31m500[0m 173.151 ms - 62[0m
[0mGET /api/customers [36m304[0m 177.003 ms - -[0m
[0mGET /api/purchases [31m500[0m 249.865 ms - 62[0m
[0mGET /api/suppliers [36m304[0m 262.135 ms - -[0m
[0mGET /api/categories [36m304[0m 270.440 ms - -[0m
[0mGET /api/users [36m304[0m 126.414 ms - -[0m
[0mGET /api/missing-requests [31m500[0m 124.079 ms - 62[0m
[0mGET /api/products [31m500[0m 39.813 ms - 62[0m
[0mGET /api/purchases [31m500[0m 125.616 ms - 62[0m
[0mGET /api/categories [36m304[0m 126.606 ms - -[0m
[0mGET /api/customers [36m304[0m 126.297 ms - -[0m
[0mGET /api/sales [31m500[0m 206.117 ms - 62[0m
[0mGET /api/suppliers [36m304[0m 207.459 ms - -[0m
[0mGET /api/users [36m304[0m 175.618 ms - -[0m
[0mGET /api/missing-requests [31m500[0m 25.162 ms - 62[0m
[0mGET /api/products [31m500[0m 73.336 ms - 62[0m
[0mGET /api/sales [31m500[0m 161.545 ms - 62[0m
[0mGET /api/purchases [31m500[0m 233.436 ms - 62[0m
[0mGET /api/categories [36m304[0m 246.721 ms - -[0m
[0mGET /api/suppliers [36m304[0m 256.117 ms - -[0m
[0mGET /api/customers [36m304[0m 250.673 ms - -[0m
[0mGET /api/users [36m304[0m 216.038 ms - -[0m
[0mGET /api/missing-requests [31m500[0m 42.927 ms - 62[0m
[0mGET /api/products [31m500[0m 18.047 ms - 62[0m
[0mGET /api/sales [31m500[0m 123.039 ms - 62[0m
[0mGET /api/suppliers [36m304[0m 108.752 ms - -[0m
[0mGET /api/purchases [31m500[0m 182.892 ms - 62[0m
[0mGET /api/users [36m304[0m 190.773 ms - -[0m
[0mGET /api/categories [36m304[0m 198.780 ms - -[0m
[0mGET /api/customers [36m304[0m 203.122 ms - -[0m
[0mGET /api/missing-requests [31m500[0m 37.672 ms - 62[0m
[0mGET /api/products [31m500[0m 24.852 ms - 62[0m
[0mGET /api/sales [31m500[0m 126.629 ms - 62[0m
[0mGET /api/categories [36m304[0m 136.563 ms - -[0m
[0mGET /api/customers [36m304[0m 123.205 ms - -[0m
[0mGET /api/suppliers [36m304[0m 121.413 ms - -[0m
[0mGET /api/users [36m304[0m 122.699 ms - -[0m
[0mGET /api/purchases [31m500[0m 213.776 ms - 62[0m
[0mGET /api/missing-requests [31m500[0m 158.055 ms - 62[0m
[0mGET /api/products [31m500[0m 40.689 ms - 62[0m
[0mGET /api/customers [36m304[0m 35.784 ms - -[0m
[0mGET /api/sales [31m500[0m 111.231 ms - 62[0m
[0mGET /api/categories [36m304[0m 114.207 ms - -[0m
[0mGET /api/suppliers [36m304[0m 110.619 ms - -[0m
[0mGET /api/purchases [31m500[0m 173.765 ms - 62[0m
[0mGET /api/users [36m304[0m 90.609 ms - -[0m
[0mGET /api/missing-requests [31m500[0m 100.822 ms - 62[0m
[0mGET /api/products [31m500[0m 34.269 ms - 62[0m
[0mGET /api/categories [36m304[0m 45.314 ms - -[0m
[0mGET /api/customers [36m304[0m 44.435 ms - -[0m
[0mGET /api/purchases [31m500[0m 118.271 ms - 62[0m
[0mGET /api/suppliers [36m304[0m 123.875 ms - -[0m
[0mGET /api/sales [31m500[0m 214.062 ms - 62[0m
[0mGET /api/users [36m304[0m 191.705 ms - -[0m
[0mGET /api/missing-requests [31m500[0m 115.851 ms - 62[0m
[0mGET /api/products [31m500[0m 16.162 ms - 62[0m
[0mGET /api/sales [31m500[0m 108.539 ms - 62[0m
[0mGET /api/categories [36m304[0m 109.172 ms - -[0m
[0mGET /api/suppliers [36m304[0m 104.155 ms - -[0m
[0mGET /api/purchases [31m500[0m 210.282 ms - 62[0m
[0mGET /api/customers [36m304[0m 219.060 ms - -[0m
[0mGET /api/users [36m304[0m 219.343 ms - -[0m
[0mGET /api/missing-requests [31m500[0m 129.765 ms - 62[0m
[0mGET /api/products [31m500[0m 36.047 ms - 62[0m
[0mGET /api/suppliers [36m304[0m 45.894 ms - -[0m
[0mGET /api/customers [36m304[0m 50.680 ms - -[0m
[0mGET /api/sales [31m500[0m 140.082 ms - 62[0m
[0mGET /api/categories [36m304[0m 140.572 ms - -[0m
[0mGET /api/purchases [31m500[0m 215.033 ms - 62[0m
[0mGET /api/users [36m304[0m 207.636 ms - -[0m
[0mGET /api/missing-requests [31m500[0m 111.840 ms - 62[0m
[0mGET /api/products [31m500[0m 54.309 ms - 62[0m
[0mGET /api/categories [36m304[0m 79.005 ms - -[0m
[0mGET /api/purchases [31m500[0m 158.064 ms - 62[0m
[0mGET /api/customers [36m304[0m 164.938 ms - -[0m
[0mGET /api/suppliers [36m304[0m 169.168 ms - -[0m
[0mGET /api/sales [31m500[0m 262.195 ms - 62[0m
[0mGET /api/users [36m304[0m 221.770 ms - -[0m
[0mGET /api/missing-requests [31m500[0m 124.185 ms - 62[0m
[0mGET /api/products [31m500[0m 16.191 ms - 62[0m
[0mGET /api/categories [36m304[0m 30.442 ms - -[0m
[0mGET /api/suppliers [36m304[0m 28.921 ms - -[0m
[0mGET /api/purchases [31m500[0m 104.662 ms - 62[0m
[0mGET /api/sales [31m500[0m 182.400 ms - 62[0m
[0mGET /api/users [36m304[0m 179.775 ms - -[0m
[0mGET /api/customers [36m304[0m 186.059 ms - -[0m
[0mGET /api/missing-requests [31m500[0m 22.628 ms - 62[0m
[0mGET /api/products [31m500[0m 69.212 ms - 62[0m
[0mGET /api/categories [36m304[0m 86.390 ms - -[0m
[0mGET /api/customers [36m304[0m 87.024 ms - -[0m
[0mGET /api/purchases [31m500[0m 171.051 ms - 62[0m
[0mGET /api/sales [31m500[0m 296.663 ms - 62[0m
[0mGET /api/suppliers [36m304[0m 293.763 ms - -[0m
[0mGET /api/users [36m304[0m 247.318 ms - -[0m
[0mGET /api/missing-requests [31m500[0m 145.220 ms - 62[0m
[0mGET /api/products [31m500[0m 20.278 ms - 62[0m
[0mGET /api/purchases [31m500[0m 100.323 ms - 62[0m
[0mGET /api/suppliers [36m304[0m 104.172 ms - -[0m
[0mGET /api/sales [31m500[0m 187.236 ms - 62[0m
[0mGET /api/users [36m304[0m 180.897 ms - -[0m
[0mGET /api/categories [36m304[0m 191.546 ms - -[0m
[0mGET /api/customers [36m304[0m 191.474 ms - -[0m
[0mGET /api/missing-requests [31m500[0m 21.450 ms - 62[0m
[0mGET /api/products [31m500[0m 49.616 ms - 62[0m
[0mGET /api/sales [31m500[0m 164.752 ms - 62[0m
[0mGET /api/categories [36m304[0m 175.785 ms - -[0m
[0mGET /api/customers [36m304[0m 181.805 ms - -[0m
[0mGET /api/users [36m304[0m 27.630 ms - -[0m
[0mGET /api/purchases [31m500[0m 107.722 ms - 62[0m
[0mGET /api/suppliers [36m304[0m 116.577 ms - -[0m
[0mGET /api/missing-requests [31m500[0m 129.298 ms - 62[0m
[0mGET /api/products [31m500[0m 33.614 ms - 62[0m
[0mGET /api/sales [31m500[0m 139.928 ms - 62[0m
[0mGET /api/categories [36m304[0m 139.007 ms - -[0m
[0mGET /api/customers [36m304[0m 139.003 ms - -[0m
[0mGET /api/suppliers [36m304[0m 140.974 ms - -[0m
[0mGET /api/purchases [31m500[0m 221.492 ms - 62[0m
[0mGET /api/users [36m304[0m 203.418 ms - -[0m
[0mGET /api/missing-requests [31m500[0m 24.527 ms - 62[0m
[0mGET /api/products [31m500[0m 31.912 ms - 62[0m
[0mGET /api/users [36m304[0m 37.709 ms - -[0m
[0mGET /api/categories [36m304[0m 34.583 ms - -[0m
[0mGET /api/sales [31m500[0m 150.549 ms - 62[0m
[0mGET /api/purchases [31m500[0m 232.915 ms - 62[0m
[0mGET /api/customers [36m304[0m 239.371 ms - -[0m
[0mGET /api/suppliers [36m304[0m 239.345 ms - -[0m
[0mGET /api/missing-requests [31m500[0m 113.019 ms - 62[0m
[0mGET /api/products [31m500[0m 16.002 ms - 62[0m
[0mGET /api/sales [31m500[0m 111.776 ms - 62[0m
[0mGET /api/purchases [31m500[0m 173.887 ms - 62[0m
[0mGET /api/customers [36m304[0m 179.051 ms - -[0m
[0mGET /api/categories [36m304[0m 186.683 ms - -[0m
[0mGET /api/suppliers [36m304[0m 183.939 ms - -[0m
[0mGET /api/users [36m304[0m 183.211 ms - -[0m
[0mGET /api/missing-requests [31m500[0m 24.251 ms - 62[0m
[0mGET /api/products [31m500[0m 79.082 ms - 62[0m
[0mGET /api/sales [31m500[0m 209.577 ms - 62[0m
[0mGET /api/categories [36m304[0m 210.897 ms - -[0m
[0mGET /api/customers [36m304[0m 211.848 ms - -[0m
[0mGET /api/suppliers [36m304[0m 211.806 ms - -[0m
[0mGET /api/purchases [31m500[0m 293.378 ms - 62[0m
[0mGET /api/users [36m304[0m 18.398 ms - -[0m
[0mGET /api/missing-requests [31m500[0m 31.205 ms - 62[0m
[0mGET /api/products [31m500[0m 26.015 ms - 62[0m
[0mGET /api/customers [36m304[0m 32.071 ms - -[0m
[0mGET /api/suppliers [36m304[0m 32.042 ms - -[0m
[0mGET /api/purchases [31m500[0m 105.788 ms - 62[0m
[0mGET /api/sales [31m500[0m 206.097 ms - 62[0m
[0mGET /api/categories [36m304[0m 194.079 ms - -[0m
[0mGET /api/users [36m304[0m 191.090 ms - -[0m
[0mGET /api/missing-requests [31m500[0m 21.047 ms - 62[0m
[0mGET /api/products [31m500[0m 59.273 ms - 62[0m
[0mGET /api/suppliers [36m304[0m 73.160 ms - -[0m
[0mGET /api/customers [36m304[0m 77.707 ms - -[0m
[0mGET /api/categories [36m304[0m 83.599 ms - -[0m
[0mGET /api/sales [31m500[0m 177.748 ms - 62[0m
[0mGET /api/purchases [31m500[0m 250.139 ms - 62[0m
[0mGET /api/users [36m304[0m 224.573 ms - -[0m
[0mGET /api/missing-requests [31m500[0m 213.345 ms - 62[0m
[0mGET /api/products [31m500[0m 22.823 ms - 62[0m
[0mGET /api/sales [31m500[0m 113.726 ms - 62[0m
[0mGET /api/customers [36m304[0m 135.584 ms - -[0m
[0mGET /api/purchases [31m500[0m 214.726 ms - 62[0m
[0mGET /api/users [36m304[0m 202.934 ms - -[0m
[0mGET /api/suppliers [36m304[0m 221.317 ms - -[0m
[0mGET /api/categories [36m304[0m 226.224 ms - -[0m
[0mGET /api/missing-requests [31m500[0m 121.318 ms - 62[0m
[0mGET /api/products [31m500[0m 31.216 ms - 62[0m
[0mGET /api/sales [31m500[0m 130.348 ms - 62[0m
[0mGET /api/suppliers [36m304[0m 104.014 ms - -[0m
[0mGET /api/categories [36m304[0m 110.327 ms - -[0m
[0mGET /api/customers [36m304[0m 109.893 ms - -[0m
[0mGET /api/users [36m304[0m 109.340 ms - -[0m
[0mGET /api/purchases [31m500[0m 218.707 ms - 62[0m
[0mGET /api/missing-requests [31m500[0m 20.200 ms - 62[0m
[0mGET /api/products [31m500[0m 18.902 ms - 62[0m
[0mGET /api/users [36m304[0m 27.119 ms - -[0m
[0mGET /api/customers [36m304[0m 36.271 ms - -[0m
[0mGET /api/sales [31m500[0m 125.035 ms - 62[0m
[0mGET /api/categories [36m304[0m 112.749 ms - -[0m
[0mGET /api/suppliers [36m304[0m 111.637 ms - -[0m
[0mGET /api/purchases [31m500[0m 177.420 ms - 62[0m
[0mGET /api/missing-requests [31m500[0m 83.097 ms - 62[0m
[0mGET /api/products [31m500[0m 73.427 ms - 62[0m
[0mGET /api/sales [31m500[0m 213.377 ms - 62[0m
[0mGET /api/categories [36m304[0m 214.075 ms - -[0m
[0mGET /api/customers [36m304[0m 210.667 ms - -[0m
[0mGET /api/suppliers [36m304[0m 212.072 ms - -[0m
[0mGET /api/purchases [31m500[0m 290.715 ms - 62[0m
[0mGET /api/users [36m304[0m 17.554 ms - -[0m
[0mGET /api/missing-requests [31m500[0m 31.555 ms - 62[0m
[0mGET /api/products [31m500[0m 35.702 ms - 62[0m
[0mGET /api/sales [31m500[0m 116.340 ms - 62[0m
[0mGET /api/categories [36m304[0m 130.712 ms - -[0m
[0mGET /api/customers [36m304[0m 131.543 ms - -[0m
[0mGET /api/purchases [31m500[0m 217.431 ms - 62[0m
[0mGET /api/suppliers [36m304[0m 218.947 ms - -[0m
[0mGET /api/users [36m304[0m 121.342 ms - -[0m
[0mGET /api/missing-requests [31m500[0m 133.291 ms - 62[0m
[0mGET /api/products [31m500[0m 49.996 ms - 62[0m
[0mGET /api/customers [36m304[0m 34.735 ms - -[0m
[0mGET /api/sales [31m500[0m 176.048 ms - 62[0m
[0mGET /api/categories [36m304[0m 176.637 ms - -[0m
[0mGET /api/purchases [31m500[0m 262.358 ms - 62[0m
[0mGET /api/users [36m304[0m 274.776 ms - -[0m
[0mGET /api/suppliers [36m304[0m 267.600 ms - -[0m
[0mGET /api/missing-requests [31m500[0m 114.735 ms - 62[0m
[0mGET /api/products [31m500[0m 45.343 ms - 62[0m
[0mGET /api/sales [31m500[0m 127.569 ms - 62[0m
[0mGET /api/categories [36m304[0m 126.776 ms - -[0m
[0mGET /api/customers [36m304[0m 124.107 ms - -[0m
[0mGET /api/suppliers [36m304[0m 124.388 ms - -[0m
[0mGET /api/purchases [31m500[0m 194.965 ms - 62[0m
[0mGET /api/missing-requests [31m500[0m 32.011 ms - 62[0m
[0mGET /api/users [36m304[0m 40.722 ms - -[0m
[0mGET /api/products [31m500[0m 18.231 ms - 62[0m
[0mGET /api/users [36m304[0m 25.365 ms - -[0m
[0mGET /api/suppliers [36m304[0m 32.219 ms - -[0m
[0mGET /api/purchases [31m500[0m 103.535 ms - 62[0m
[0mGET /api/sales [31m500[0m 190.925 ms - 62[0m
[0mGET /api/customers [36m304[0m 189.905 ms - -[0m
[0mGET /api/categories [36m304[0m 198.099 ms - -[0m
[0mGET /api/missing-requests [31m500[0m 32.619 ms - 62[0m
[0mGET /api/products [31m500[0m 43.368 ms - 62[0m
[0mGET /api/sales [31m500[0m 119.360 ms - 62[0m
[0mGET /api/customers [36m304[0m 127.072 ms - -[0m
[0mGET /api/categories [36m304[0m 125.545 ms - -[0m
[0mGET /api/suppliers [36m304[0m 124.941 ms - -[0m
[0mGET /api/purchases [31m500[0m 193.170 ms - 62[0m
[0mGET /api/users [36m304[0m 94.273 ms - -[0m
[0mGET /api/missing-requests [31m500[0m 100.935 ms - 62[0m
[0mGET /api/products [31m500[0m 66.558 ms - 62[0m
[0mGET /api/sales [31m500[0m 187.326 ms - 62[0m
[0mGET /api/suppliers [36m304[0m 178.553 ms - -[0m
[0mGET /api/purchases [31m500[0m 282.618 ms - 62[0m
[0mGET /api/categories [36m304[0m 291.707 ms - -[0m
[0mGET /api/customers [36m304[0m 292.686 ms - -[0m
[0mGET /api/users [36m304[0m 242.106 ms - -[0m
[0mGET /api/missing-requests [31m500[0m 28.660 ms - 62[0m
[0mGET /api/products [31m500[0m 39.192 ms - 62[0m
[0mGET /api/sales [31m500[0m 144.276 ms - 62[0m
[0mGET /api/suppliers [36m304[0m 141.741 ms - -[0m
[0mGET /api/categories [36m304[0m 151.403 ms - -[0m
[0mGET /api/purchases [31m500[0m 228.513 ms - 62[0m
[0mGET /api/customers [36m304[0m 236.181 ms - -[0m
[0mGET /api/users [36m304[0m 211.982 ms - -[0m
[0mGET /api/missing-requests [31m500[0m 27.338 ms - 62[0m
[0mGET /api/products [31m500[0m 39.539 ms - 62[0m
[0mGET /api/categories [36m304[0m 39.292 ms - -[0m
[0mGET /api/suppliers [36m304[0m 36.072 ms - -[0m
[0mGET /api/customers [36m304[0m 45.410 ms - -[0m
[0mGET /api/sales [31m500[0m 134.440 ms - 62[0m
[0mGET /api/purchases [31m500[0m 212.113 ms - 62[0m
[0mGET /api/users [36m304[0m 204.802 ms - -[0m
[0mGET /api/missing-requests [31m500[0m 219.205 ms - 62[0m
[0mGET /api/products [31m500[0m 45.941 ms - 62[0m
[0mGET /api/sales [31m500[0m 118.148 ms - 62[0m
[0mGET /api/customers [36m304[0m 119.018 ms - -[0m
[0mGET /api/suppliers [36m304[0m 118.262 ms - -[0m
[0mGET /api/categories [36m304[0m 119.613 ms - -[0m
[0mGET /api/purchases [31m500[0m 192.300 ms - 62[0m
[0mGET /api/users [36m304[0m 14.338 ms - -[0m
[0mGET /api/missing-requests [31m500[0m 25.786 ms - 62[0m
[0mGET /api/products [31m500[0m 77.996 ms - 62[0m
[0mGET /api/sales [31m500[0m 195.267 ms - 62[0m
[0mGET /api/categories [36m304[0m 196.453 ms - -[0m
[0mGET /api/customers [36m304[0m 194.209 ms - -[0m
[0mGET /api/suppliers [36m304[0m 194.063 ms - -[0m
[0mGET /api/purchases [31m500[0m 278.104 ms - 62[0m
[0mGET /api/users [36m304[0m 16.370 ms - -[0m
[0mGET /api/missing-requests [31m500[0m 29.802 ms - 62[0m
[0mGET /api/products [31m500[0m 15.579 ms - 62[0m
[0mGET /api/sales [31m500[0m 107.287 ms - 62[0m
[0mGET /api/categories [36m304[0m 105.980 ms - -[0m
[0mGET /api/purchases [31m500[0m 175.682 ms - 62[0m
[0mGET /api/users [36m304[0m 178.678 ms - -[0m
[0mGET /api/suppliers [36m304[0m 185.796 ms - -[0m
[0mGET /api/customers [36m304[0m 189.731 ms - -[0m
[0mGET /api/missing-requests [31m500[0m 23.977 ms - 62[0m
[0mGET /api/categories [36m304[0m 30.109 ms - -[0m
[0mGET /api/products [31m500[0m 79.438 ms - 62[0m
[0mGET /api/suppliers [36m304[0m 69.537 ms - -[0m
[0mGET /api/sales [31m500[0m 205.565 ms - 62[0m
[0mGET /api/customers [36m304[0m 209.773 ms - -[0m
[0mGET /api/purchases [31m500[0m 295.335 ms - 62[0m
[0mGET /api/users [36m304[0m 271.029 ms - -[0m
[0mGET /api/missing-requests [31m500[0m 242.216 ms - 62[0m
[0mGET /api/products [31m500[0m 22.885 ms - 62[0m
[0mGET /api/sales [31m500[0m 120.758 ms - 62[0m
[0mGET /api/purchases [31m500[0m 170.907 ms - 62[0m
[0mGET /api/suppliers [36m304[0m 174.944 ms - -[0m
[0mGET /api/categories [36m304[0m 198.946 ms - -[0m
[0mGET /api/customers [36m304[0m 198.468 ms - -[0m
[0mGET /api/users [36m304[0m 181.855 ms - -[0m
[0mGET /api/missing-requests [31m500[0m 25.582 ms - 62[0m
[0mGET /api/products [31m500[0m 121.971 ms - 62[0m
[0mGET /api/suppliers [36m304[0m 81.185 ms - -[0m
[0mGET /api/purchases [31m500[0m 186.821 ms - 62[0m
[0mGET /api/categories [36m304[0m 206.752 ms - -[0m
[0mGET /api/customers [36m304[0m 209.726 ms - -[0m
[0mGET /api/sales [31m500[0m 343.498 ms - 62[0m
[0mGET /api/users [36m304[0m 256.518 ms - -[0m
[0mGET /api/missing-requests [31m500[0m 161.400 ms - 62[0m
[0mGET / [36m304[0m 1.350 ms - -[0m
[0mGET /css/styles.css [36m304[0m 0.723 ms - -[0m
[0mGET /js/config.js?v=20260502-5 [36m304[0m 0.553 ms - -[0m
[0mGET /js/api.js?v=20260502-5 [36m304[0m 0.591 ms - -[0m
[0mGET /js/state.js?v=20260502-5 [36m304[0m 1.145 ms - -[0m
[0mGET /js/products.js?v=20260502-5 [36m304[0m 0.967 ms - -[0m
[0mGET /js/sales.js?v=20260502-5 [36m304[0m 0.571 ms - -[0m
[0mGET /js/reports.js?v=20260502-5 [36m304[0m 1.058 ms - -[0m
[0mGET /js/ui.js?v=20260502-5 [36m304[0m 0.411 ms - -[0m
[0mGET /js/app.js?v=20260502-5 [36m304[0m 1.178 ms - -[0m
[0mGET /api/auth/me [33m401[0m 1.376 ms - 41[0m
