◇ injected env (12) from .env // tip: ⌁ auth for agents [www.vestauth.com]
📦 Usando SQLite en: C:\Users\rubiu\OneDrive\Desktop\UNI\S3\WEB-DEV\Tarea 23\backend\papel_luna_pos.sqlite
Database connection ready
Papel & Luna API running on http://localhost:8000
[0mGET /api/health [32m200[0m 2.385 ms - 50[0m
[0mPOST /api/auth/login [32m200[0m 92.170 ms - 429[0m
[0mGET /api/products [32m200[0m 5.574 ms - 2206[0m
[0mGET /api/suppliers [32m200[0m 2.710 ms - 26[0m
[0mPOST /api/purchases [33m400[0m 4.755 ms - 114[0m
[0mGET /api/products [32m200[0m 3.498 ms - 2206[0m
[0mPOST /api/auth/login [32m200[0m 70.150 ms - 429[0m
[0mGET /api/products [32m200[0m 5.003 ms - 2206[0m
[0mPOST /api/purchases [32m201[0m 22.217 ms - 604[0m
[0mGET /api/products/41c000b8-821a-4eaf-930e-b60135e86043 [33m404[0m 2.752 ms - 104[0m
[0mPOST /api/auth/login [32m200[0m 70.241 ms - 429[0m
[0mGET /api/products [32m200[0m 4.460 ms - 2206[0m
[0mPOST /api/auth/login [32m200[0m 68.069 ms - 429[0m
[0mPOST /api/suppliers [32m201[0m 8.062 ms - 254[0m
[0mPOST /api/customers [32m201[0m 7.970 ms - 232[0m
[0mGET /api/categories [32m200[0m 2.570 ms - 829[0m
[0mPOST /api/products [32m201[0m 8.146 ms - 328[0m
[0mPOST /api/sales [32m201[0m 15.803 ms - 1536[0m
[0mPOST /api/auth/login [32m200[0m 66.328 ms - 429[0m
[0mGET /api/health [32m200[0m 0.925 ms - 50[0m
[0mGET /api/products [32m200[0m 4.168 ms - 2761[0m
[0mGET /api/sales [32m200[0m 4.950 ms - 5378[0m
[0mGET /api/purchases [32m200[0m 3.196 ms - 1127[0m
[0mGET /api/missing-requests [32m200[0m 3.037 ms - 931[0m
[0mGET /api/customers [32m200[0m 2.655 ms - 234[0m
[0mGET /api/suppliers [32m200[0m 2.150 ms - 256[0m
[0mGET /api/categories [32m200[0m 2.283 ms - 829[0m
[0mGET /api/users [32m200[0m 2.250 ms - 1122[0m
[0mGET /api/reports/dashboard [32m200[0m 3.849 ms - 139[0m
[0mPOST /api/auth/login [32m200[0m 70.983 ms - 429[0m
[0mPOST /api/users [32m201[0m 69.418 ms - 274[0m
[0mPATCH /api/users/ed2fff35-a5cd-4142-adb0-43077c70f70f/password [32m200[0m 71.834 ms - 293[0m
[0mDELETE /api/users/ed2fff35-a5cd-4142-adb0-43077c70f70f [32m200[0m 8.981 ms - 62[0m
[0mGET / [32m200[0m 6.235 ms - 5188[0m
[0mPOST /api/auth/login [32m200[0m 65.522 ms - 417[0m
[0mPOST /api/auth/login [32m200[0m 68.002 ms - 429[0m
[0mGET /api/reports/sales?desde=2026-01-01&hasta=2026-12-31 [32m200[0m 5.369 ms - 2640[0m
[0mGET /api/reports/inventory [32m200[0m 3.717 ms - 2958[0m
[0mGET /api/reports/missing [32m200[0m 3.103 ms - 969[0m
[0mGET / [32m200[0m 2.041 ms - 5188[0m
[0mGET /css/styles.css [32m200[0m 4.338 ms - 41796[0m
[0mGET /js/config.js?v=20260502-5 [32m200[0m 5.909 ms - 1094[0m
[0mGET /js/state.js?v=20260502-5 [32m200[0m 6.481 ms - 1528[0m
[0mGET /js/api.js?v=20260502-5 [32m200[0m 7.236 ms - 21557[0m
[0mGET /js/products.js?v=20260502-5 [32m200[0m 8.831 ms - 3838[0m
[0mGET /js/sales.js?v=20260502-5 [32m200[0m 9.198 ms - 12491[0m
[0mGET /js/reports.js?v=20260502-5 [32m200[0m 6.260 ms - 6513[0m
[0mGET /js/app.js?v=20260502-5 [32m200[0m 5.082 ms - 11682[0m
[0mGET /js/ui.js?v=20260502-5 [32m200[0m 5.217 ms - 122344[0m
[0mGET /api/health [32m200[0m 1.033 ms - 50[0m
[0mGET /favicon.ico [32m200[0m 0.988 ms - -[0m
[0mGET /api/health [36m304[0m 1.539 ms - -[0m
[0mPOST /api/auth/login [32m200[0m 140.204 ms - 429[0m
[0mGET / [36m304[0m 1.234 ms - -[0m
[0mGET /css/styles.css [36m304[0m 0.590 ms - -[0m
[0mGET /js/config.js?v=20260502-5 [36m304[0m 1.764 ms - -[0m
[0mGET /js/api.js?v=20260502-5 [36m304[0m 2.040 ms - -[0m
[0mGET /js/state.js?v=20260502-5 [36m304[0m 2.600 ms - -[0m
[0mGET /js/reports.js?v=20260502-5 [36m304[0m 1.821 ms - -[0m
[0mGET /js/products.js?v=20260502-5 [36m304[0m 2.573 ms - -[0m
[0mGET /js/sales.js?v=20260502-5 [36m304[0m 3.574 ms - -[0m
[0mGET /js/ui.js?v=20260502-5 [36m304[0m 0.781 ms - -[0m
[0mGET /js/app.js?v=20260502-5 [36m304[0m 0.552 ms - -[0m
[0mGET /api/auth/me [32m200[0m 3.379 ms - 185[0m
[0mGET /api/products [32m200[0m 28.435 ms - 2761[0m
[0mGET /api/sales [32m200[0m 30.367 ms - 5378[0m
[0mGET /api/categories [32m200[0m 30.259 ms - 829[0m
[0mGET /api/suppliers [32m200[0m 31.468 ms - 256[0m
[0mGET /api/customers [32m200[0m 34.627 ms - 234[0m
[0mGET /api/purchases [32m200[0m 32.109 ms - 1127[0m
[0mGET /api/users [32m200[0m 13.466 ms - 1144[0m
[0mGET /api/missing-requests [32m200[0m 13.919 ms - 931[0m
[0mGET /api/products [36m304[0m 42.594 ms - -[0m
[0mGET /api/sales [36m304[0m 47.177 ms - -[0m
[0mGET /api/categories [36m304[0m 46.447 ms - -[0m
[0mGET /api/customers [36m304[0m 51.329 ms - -[0m
[0mGET /api/suppliers [36m304[0m 52.130 ms - -[0m
[0mGET /api/purchases [36m304[0m 53.809 ms - -[0m
[0mGET /api/users [36m304[0m 24.301 ms - -[0m
[0mGET /api/missing-requests [36m304[0m 23.035 ms - -[0m
[0mGET /api/products [36m304[0m 6.141 ms - -[0m
[0mGET /api/suppliers [36m304[0m 10.212 ms - -[0m
[0mGET /api/users [36m304[0m 9.422 ms - -[0m
[0mGET /api/purchases [36m304[0m 11.222 ms - -[0m
[0mGET /api/sales [36m304[0m 28.711 ms - -[0m
[0mGET /api/categories [36m304[0m 28.611 ms - -[0m
[0mGET /api/customers [36m304[0m 17.022 ms - -[0m
[0mGET /api/missing-requests [36m304[0m 4.253 ms - -[0m
[0mGET /api/products [36m304[0m 16.950 ms - -[0m
[0mGET /api/sales [36m304[0m 21.270 ms - -[0m
[0mGET /api/categories [36m304[0m 24.695 ms - -[0m
[0mGET /api/customers [36m304[0m 24.168 ms - -[0m
[0mGET /api/suppliers [36m304[0m 23.885 ms - -[0m
[0mGET /api/purchases [36m304[0m 23.532 ms - -[0m
[0mGET /api/users [36m304[0m 12.630 ms - -[0m
[0mGET /api/missing-requests [36m304[0m 10.548 ms - -[0m
[0mGET /api/products [36m304[0m 13.877 ms - -[0m
[0mGET /api/sales [36m304[0m 14.459 ms - -[0m
[0mGET /api/categories [36m304[0m 14.116 ms - -[0m
[0mGET /api/customers [36m304[0m 19.741 ms - -[0m
[0mGET /api/purchases [36m304[0m 17.638 ms - -[0m
[0mGET /api/suppliers [36m304[0m 20.104 ms - -[0m
[0mGET /api/users [36m304[0m 11.343 ms - -[0m
[0mGET /api/missing-requests [36m304[0m 9.744 ms - -[0m
[0mGET /api/products [36m304[0m 16.472 ms - -[0m
[0mGET /api/categories [36m304[0m 15.608 ms - -[0m
[0mGET /api/suppliers [36m304[0m 14.269 ms - -[0m
[0mGET /api/customers [36m304[0m 17.481 ms - -[0m
[0mGET /api/sales [36m304[0m 24.286 ms - -[0m
[0mGET /api/purchases [36m304[0m 19.614 ms - -[0m
[0mGET /api/users [36m304[0m 14.784 ms - -[0m
[0mGET /api/missing-requests [36m304[0m 11.447 ms - -[0m
[0mGET /api/products [36m304[0m 20.772 ms - -[0m
[0mGET /api/purchases [36m304[0m 15.093 ms - -[0m
[0mGET /api/suppliers [36m304[0m 16.165 ms - -[0m
[0mGET /api/customers [36m304[0m 18.270 ms - -[0m
[0mGET /api/sales [36m304[0m 23.196 ms - -[0m
[0mGET /api/categories [36m304[0m 22.037 ms - -[0m
[0mGET /api/users [36m304[0m 18.601 ms - -[0m
[0mGET /api/missing-requests [36m304[0m 15.109 ms - -[0m
[0mGET /api/products [36m304[0m 24.061 ms - -[0m
[0mGET /api/suppliers [36m304[0m 22.759 ms - -[0m
[0mGET /api/purchases [36m304[0m 24.139 ms - -[0m
[0mGET /api/customers [36m304[0m 29.602 ms - -[0m
[0mGET /api/categories [36m304[0m 31.912 ms - -[0m
[0mGET /api/sales [36m304[0m 34.603 ms - -[0m
[0mGET /api/users [36m304[0m 14.579 ms - -[0m
[0mGET /api/missing-requests [36m304[0m 13.494 ms - -[0m
[0mGET /api/suppliers [36m304[0m 11.160 ms - -[0m
[0mGET /api/customers [36m304[0m 17.080 ms - -[0m
[0mGET /api/purchases [36m304[0m 15.163 ms - -[0m
[0mGET /api/products [36m304[0m 22.914 ms - -[0m
[0mGET /api/categories [36m304[0m 21.770 ms - -[0m
[0mGET /api/sales [36m304[0m 24.010 ms - -[0m
[0mGET /api/users [36m304[0m 8.253 ms - -[0m
[0mGET /api/missing-requests [36m304[0m 8.217 ms - -[0m
[0mGET /api/suppliers [36m304[0m 24.244 ms - -[0m
[0mGET /api/categories [36m304[0m 31.479 ms - -[0m
[0mGET /api/products [36m304[0m 37.299 ms - -[0m
[0mGET /api/purchases [36m304[0m 30.201 ms - -[0m
[0mGET /api/sales [36m304[0m 39.039 ms - -[0m
[0mGET /api/customers [36m304[0m 36.376 ms - -[0m
[0mGET /api/users [36m304[0m 11.065 ms - -[0m
[0mGET /api/missing-requests [36m304[0m 10.940 ms - -[0m
[0mGET /api/products [36m304[0m 15.971 ms - -[0m
[0mGET /api/suppliers [36m304[0m 42.954 ms - -[0m
[0mGET /api/sales [36m304[0m 46.506 ms - -[0m
[0mGET /api/categories [36m304[0m 48.723 ms - -[0m
[0mGET /api/customers [36m304[0m 48.824 ms - -[0m
[0mGET /api/purchases [36m304[0m 47.981 ms - -[0m
[0mGET /api/users [36m304[0m 7.293 ms - -[0m
[0mGET /api/missing-requests [36m304[0m 7.267 ms - -[0m
[0mGET /api/purchases [36m304[0m 11.916 ms - -[0m
[0mGET /api/customers [36m304[0m 46.115 ms - -[0m
[0mGET /api/sales [36m304[0m 52.517 ms - -[0m
[0mGET /api/products [36m304[0m 57.905 ms - -[0m
[0mGET /api/suppliers [36m304[0m 54.594 ms - -[0m
[0mGET /api/categories [36m304[0m 59.811 ms - -[0m
[0mGET /api/users [36m304[0m 13.293 ms - -[0m
[0mGET /api/missing-requests [36m304[0m 12.525 ms - -[0m
[0mGET /api/products [36m304[0m 30.066 ms - -[0m
[0mGET /api/sales [36m304[0m 62.309 ms - -[0m
[0mGET /api/purchases [36m304[0m 58.552 ms - -[0m
[0mGET /api/suppliers [36m304[0m 65.042 ms - -[0m
[0mGET /api/customers [36m304[0m 67.560 ms - -[0m
[0mGET /api/categories [36m304[0m 70.550 ms - -[0m
[0mGET /api/users [36m304[0m 14.093 ms - -[0m
[0mGET /api/missing-requests [36m304[0m 13.193 ms - -[0m
[0mGET /api/sales [36m304[0m 19.522 ms - -[0m
[0mGET /api/customers [36m304[0m 21.706 ms - -[0m
[0mGET /api/categories [36m304[0m 23.328 ms - -[0m
[0mGET /api/products [36m304[0m 28.752 ms - -[0m
[0mGET /api/purchases [36m304[0m 24.559 ms - -[0m
[0mGET /api/suppliers [36m304[0m 26.286 ms - -[0m
[0mGET /api/users [36m304[0m 8.137 ms - -[0m
[0mGET /api/missing-requests [36m304[0m 7.964 ms - -[0m
[0mGET /api/products [36m304[0m 28.455 ms - -[0m
[0mGET /api/purchases [36m304[0m 21.439 ms - -[0m
[0mGET /api/suppliers [36m304[0m 23.409 ms - -[0m
[0mGET /api/customers [36m304[0m 27.216 ms - -[0m
[0mGET /api/sales [36m304[0m 31.817 ms - -[0m
[0mGET /api/categories [36m304[0m 30.262 ms - -[0m
[0mGET /api/users [36m304[0m 7.805 ms - -[0m
[0mGET /api/missing-requests [36m304[0m 7.769 ms - -[0m
[0mGET /api/suppliers [36m304[0m 15.752 ms - -[0m
[0mGET /api/purchases [36m304[0m 19.444 ms - -[0m
[0mGET /api/customers [36m304[0m 21.618 ms - -[0m
[0mGET /api/sales [36m304[0m 25.191 ms - -[0m
[0mGET /api/products [36m304[0m 27.263 ms - -[0m
[0mGET /api/categories [36m304[0m 26.194 ms - -[0m
[0mGET /api/users [36m304[0m 9.729 ms - -[0m
[0mGET /api/missing-requests [36m304[0m 9.030 ms - -[0m
[0mGET /api/products [36m304[0m 8.709 ms - -[0m
[0mGET /api/categories [36m304[0m 26.343 ms - -[0m
[0mGET /api/suppliers [36m304[0m 23.574 ms - -[0m
[0mGET /api/customers [36m304[0m 26.442 ms - -[0m
[0mGET /api/purchases [36m304[0m 23.070 ms - -[0m
[0mGET /api/sales [36m304[0m 32.891 ms - -[0m
[0mGET /api/users [36m304[0m 24.652 ms - -[0m
[0mGET /api/missing-requests [36m304[0m 8.577 ms - -[0m
[0mGET /api/customers [36m304[0m 16.800 ms - -[0m
[0mGET /api/purchases [36m304[0m 19.140 ms - -[0m
[0mGET /api/products [36m304[0m 28.301 ms - -[0m
[0mGET /api/sales [36m304[0m 27.447 ms - -[0m
[0mGET /api/categories [36m304[0m 31.372 ms - -[0m
[0mGET /api/suppliers [36m304[0m 28.196 ms - -[0m
[0mGET /api/users [36m304[0m 21.685 ms - -[0m
[0mGET /api/missing-requests [36m304[0m 14.423 ms - -[0m
[0mGET /api/products [36m304[0m 33.075 ms - -[0m
[0mGET /api/sales [36m304[0m 37.716 ms - -[0m
[0mGET /api/categories [36m304[0m 40.137 ms - -[0m
[0mGET /api/purchases [36m304[0m 38.328 ms - -[0m
[0mGET /api/suppliers [36m304[0m 42.991 ms - -[0m
[0mGET /api/customers [36m304[0m 45.729 ms - -[0m
[0mGET /api/users [36m304[0m 16.257 ms - -[0m
[0mGET /api/missing-requests [36m304[0m 15.720 ms - -[0m
[0mGET /api/products [36m304[0m 3.780 ms - -[0m
[0mGET /api/sales [36m304[0m 14.165 ms - -[0m
[0mGET /api/categories [36m304[0m 26.500 ms - -[0m
[0mGET /api/purchases [36m304[0m 25.354 ms - -[0m
[0mGET /api/customers [36m304[0m 28.466 ms - -[0m
[0mGET /api/suppliers [36m304[0m 28.361 ms - -[0m
[0mGET /api/users [36m304[0m 26.546 ms - -[0m
[0mGET /api/missing-requests [36m304[0m 20.581 ms - -[0m
[0mGET /api/products [36m304[0m 5.014 ms - -[0m
[0mGET /api/sales [36m304[0m 19.405 ms - -[0m
[0mGET /api/categories [36m304[0m 19.847 ms - -[0m
[0mGET /api/customers [36m304[0m 26.803 ms - -[0m
[0mGET /api/users [36m304[0m 26.644 ms - -[0m
[0mGET /api/suppliers [36m304[0m 30.305 ms - -[0m
[0mGET /api/purchases [36m304[0m 31.668 ms - -[0m
[0mGET /api/missing-requests [36m304[0m 17.334 ms - -[0m
[0mGET /api/customers [36m304[0m 7.137 ms - -[0m
[0mGET /api/suppliers [36m304[0m 7.172 ms - -[0m
[0mGET /api/categories [36m304[0m 9.428 ms - -[0m
[0mGET /api/products [36m304[0m 11.993 ms - -[0m
[0mGET /api/sales [36m304[0m 12.250 ms - -[0m
[0mGET /api/purchases [36m304[0m 3.953 ms - -[0m
[0mGET /api/users [36m304[0m 2.676 ms - -[0m
[0mGET /api/missing-requests [36m304[0m 3.508 ms - -[0m
[0mGET /api/products [36m304[0m 6.581 ms - -[0m
[0mGET /api/sales [36m304[0m 18.390 ms - -[0m
[0mGET /api/categories [36m304[0m 11.969 ms - -[0m
[0mGET /api/customers [36m304[0m 11.877 ms - -[0m
[0mGET /api/suppliers [36m304[0m 11.731 ms - -[0m
[0mGET /api/missing-requests [36m304[0m 10.704 ms - -[0m
[0mGET /api/purchases [36m304[0m 13.247 ms - -[0m
[0mGET /api/users [36m304[0m 13.506 ms - -[0m
[0mGET /api/products [36m304[0m 21.211 ms - -[0m
[0mGET /api/customers [36m304[0m 19.466 ms - -[0m
[0mGET /api/suppliers [36m304[0m 19.547 ms - -[0m
[0mGET /api/categories [36m304[0m 24.360 ms - -[0m
[0mGET /api/sales [36m304[0m 27.789 ms - -[0m
[0mGET /api/purchases [36m304[0m 25.802 ms - -[0m
[0mGET /api/users [36m304[0m 13.817 ms - -[0m
[0mGET /api/missing-requests [36m304[0m 13.795 ms - -[0m
[0mGET / [36m304[0m 1.499 ms - -[0m
[0mGET /css/styles.css [36m304[0m 3.913 ms - -[0m
[0mGET /js/config.js?v=20260502-5 [36m304[0m 0.490 ms - -[0m
[0mGET /js/state.js?v=20260502-5 [36m304[0m 0.497 ms - -[0m
[0mGET /js/api.js?v=20260502-5 [36m304[0m 0.680 ms - -[0m
[0mGET /js/products.js?v=20260502-5 [36m304[0m 0.562 ms - -[0m
[0mGET /js/sales.js?v=20260502-5 [36m304[0m 1.346 ms - -[0m
[0mGET /js/reports.js?v=20260502-5 [36m304[0m 0.821 ms - -[0m
[0mGET /js/ui.js?v=20260502-5 [36m304[0m 0.434 ms - -[0m
[0mGET /js/app.js?v=20260502-5 [36m304[0m 0.448 ms - -[0m
[0mGET /api/auth/me [33m401[0m 5.534 ms - 41[0m
[0mGET /api/health [36m304[0m 12.347 ms - -[0m
[0mPOST /api/auth/login [33m401[0m 209.559 ms - 63[0m
[0mGET /api/health [36m304[0m 1.908 ms - -[0m
[0mPOST /api/auth/login [32m200[0m 252.487 ms - 429[0m
[0mGET / [36m304[0m 0.999 ms - -[0m
[0mGET /css/styles.css [36m304[0m 2.006 ms - -[0m
[0mGET /js/config.js?v=20260502-5 [36m304[0m 213.356 ms - -[0m
[0mGET /js/state.js?v=20260502-5 [36m304[0m 14.290 ms - -[0m
[0mGET /js/reports.js?v=20260502-5 [36m304[0m 3.375 ms - -[0m
[0mGET /js/api.js?v=20260502-5 [36m304[0m 4.920 ms - -[0m
[0mGET /js/products.js?v=20260502-5 [36m304[0m 8.504 ms - -[0m
[0mGET /js/sales.js?v=20260502-5 [36m304[0m 9.859 ms - -[0m
[0mGET /js/ui.js?v=20260502-5 [36m304[0m 4.717 ms - -[0m
[0mGET /js/app.js?v=20260502-5 [36m304[0m 2.198 ms - -[0m
[0mGET /api/auth/me [36m304[0m 7.811 ms - -[0m
[0mGET /api/products [36m304[0m 63.010 ms - -[0m
[0mGET /api/sales [32m200[0m 70.511 ms - 5378[0m
[0mGET /api/purchases [32m200[0m 77.746 ms - 1127[0m
[0mGET /api/suppliers [36m304[0m 89.403 ms - -[0m
[0mGET /api/customers [36m304[0m 94.739 ms - -[0m
[0mGET /api/categories [36m304[0m 105.983 ms - -[0m
[0mGET /api/users [32m200[0m 43.625 ms - 1144[0m
[0mGET /api/missing-requests [36m304[0m 44.506 ms - -[0m
[0mGET /api/products [36m304[0m 37.475 ms - -[0m
[0mGET /api/sales [36m304[0m 51.997 ms - -[0m
[0mGET /api/categories [36m304[0m 51.215 ms - -[0m
[0mGET /api/purchases [36m304[0m 52.804 ms - -[0m
[0mGET /api/customers [36m304[0m 57.231 ms - -[0m
[0mGET /api/suppliers [36m304[0m 59.205 ms - -[0m
[0mGET /api/users [36m304[0m 21.204 ms - -[0m
[0mGET /api/missing-requests [36m304[0m 19.950 ms - -[0m
[0mGET / [36m304[0m 0.778 ms - -[0m
[0mGET /css/styles.css [36m304[0m 0.867 ms - -[0m
[0mGET /js/config.js?v=20260502-5 [36m304[0m 0.575 ms - -[0m
[0mGET /js/state.js?v=20260502-5 [36m304[0m 0.566 ms - -[0m
[0mGET /js/api.js?v=20260502-5 [36m304[0m 0.689 ms - -[0m
[0mGET /js/products.js?v=20260502-5 [36m304[0m 1.042 ms - -[0m
[0mGET /js/sales.js?v=20260502-5 [36m304[0m 1.661 ms - -[0m
[0mGET /js/reports.js?v=20260502-5 [36m304[0m 0.745 ms - -[0m
[0mGET /js/ui.js?v=20260502-5 [36m304[0m 0.677 ms - -[0m
[0mGET /js/app.js?v=20260502-5 [36m304[0m 0.701 ms - -[0m
[0mGET /api/auth/me [36m304[0m 4.319 ms - -[0m
[0mGET /api/products [36m304[0m 33.362 ms - -[0m
[0mGET /api/sales [36m304[0m 34.317 ms - -[0m
[0mGET /api/categories [36m304[0m 34.390 ms - -[0m
[0mGET /api/customers [36m304[0m 36.387 ms - -[0m
[0mGET /api/suppliers [36m304[0m 36.113 ms - -[0m
[0mGET /api/purchases [36m304[0m 36.270 ms - -[0m
[0mGET /api/users [36m304[0m 16.896 ms - -[0m
[0mGET /api/missing-requests [36m304[0m 17.792 ms - -[0m
[0mGET /api/products [36m304[0m 26.756 ms - -[0m
[0mGET /api/sales [36m304[0m 39.878 ms - -[0m
[0mGET /api/categories [36m304[0m 51.892 ms - -[0m
[0mGET /api/users [36m304[0m 29.131 ms - -[0m
[0mGET /api/customers [36m304[0m 51.725 ms - -[0m
[0mGET /api/suppliers [36m304[0m 52.536 ms - -[0m
[0mGET /api/purchases [36m304[0m 51.525 ms - -[0m
[0mGET /api/missing-requests [36m304[0m 23.664 ms - -[0m
[0mGET /api/sales [36m304[0m 40.681 ms - -[0m
[0mGET /api/categories [36m304[0m 39.933 ms - -[0m
[0mGET /api/purchases [36m304[0m 36.819 ms - -[0m
[0mGET /api/products [36m304[0m 49.850 ms - -[0m
[0mGET /api/customers [36m304[0m 47.997 ms - -[0m
[0mGET /api/suppliers [36m304[0m 49.531 ms - -[0m
[0mGET /api/users [36m304[0m 20.261 ms - -[0m
[0mGET /api/missing-requests [36m304[0m 20.391 ms - -[0m
[0mGET /api/categories [36m304[0m 33.651 ms - -[0m
[0mGET /api/customers [36m304[0m 64.284 ms - -[0m
[0mGET /api/purchases [36m304[0m 63.975 ms - -[0m
[0mGET /api/products [36m304[0m 76.237 ms - -[0m
[0mGET /api/sales [36m304[0m 80.863 ms - -[0m
[0mGET /api/suppliers [36m304[0m 78.023 ms - -[0m
[0mGET /api/users [36m304[0m 20.968 ms - -[0m
[0mGET /api/missing-requests [36m304[0m 22.305 ms - -[0m
[0mGET /api/suppliers [36m304[0m 28.108 ms - -[0m
[0mGET /api/products [36m304[0m 65.386 ms - -[0m
[0mGET /api/purchases [36m304[0m 61.546 ms - -[0m
[0mGET /api/customers [36m304[0m 68.665 ms - -[0m
[0mGET /api/sales [36m304[0m 74.835 ms - -[0m
[0mGET /api/categories [36m304[0m 75.808 ms - -[0m
[0mGET /api/users [36m304[0m 19.379 ms - -[0m
[0mGET /api/missing-requests [36m304[0m 19.503 ms - -[0m
[0mGET /api/categories [36m304[0m 48.278 ms - -[0m
[0mGET /api/products [36m304[0m 70.967 ms - -[0m
[0mGET /api/customers [36m304[0m 60.849 ms - -[0m
[0mGET /api/purchases [36m304[0m 60.081 ms - -[0m
[0mGET /api/suppliers [36m304[0m 67.922 ms - -[0m
[0mGET /api/sales [36m304[0m 79.539 ms - -[0m
[0mGET /api/users [36m304[0m 23.158 ms - -[0m
[0mGET /api/missing-requests [36m304[0m 22.279 ms - -[0m
[0mGET / [32m200[0m 111.821 ms - 5188[0m
[0mGET /css/styles.css [32m200[0m 30.771 ms - 41796[0m
[0mGET /js/config.js?v=20260502-5 [32m200[0m 54.613 ms - 1094[0m
[0mGET /js/state.js?v=20260502-5 [32m200[0m 72.157 ms - 1528[0m
[0mGET /js/sales.js?v=20260502-5 [32m200[0m 77.456 ms - 12491[0m
[0mGET /js/api.js?v=20260502-5 [32m200[0m 85.742 ms - 21557[0m
[0mGET /js/products.js?v=20260502-5 [32m200[0m 83.510 ms - 3838[0m
[0mGET /js/reports.js?v=20260502-5 [32m200[0m 126.899 ms - 6513[0m
[0mGET /js/app.js?v=20260502-5 [32m200[0m 74.149 ms - 11682[0m
[0mGET /js/ui.js?v=20260502-5 [32m200[0m 337.673 ms - 122344[0m
[0mGET /api/products [36m304[0m 48.561 ms - -[0m
[0mGET /api/sales [36m304[0m 77.860 ms - -[0m
[0mGET /api/categories [36m304[0m 75.325 ms - -[0m
[0mGET /api/customers [36m304[0m 79.989 ms - -[0m
[0mGET /api/suppliers [36m304[0m 80.345 ms - -[0m
[0mGET /api/purchases [36m304[0m 82.566 ms - -[0m
[0mGET /api/users [36m304[0m 25.582 ms - -[0m
[0mGET /api/missing-requests [36m304[0m 24.355 ms - -[0m
[0mGET /api/sales [36m304[0m 47.499 ms - -[0m
[0mGET /api/categories [36m304[0m 46.681 ms - -[0m
[0mGET /api/purchases [36m304[0m 41.142 ms - -[0m
[0mGET /api/products [36m304[0m 58.916 ms - -[0m
[0mGET /api/customers [36m304[0m 57.922 ms - -[0m
[0mGET /api/suppliers [36m304[0m 56.187 ms - -[0m
[0mGET /api/users [36m304[0m 26.461 ms - -[0m
[0mGET /api/missing-requests [36m304[0m 26.125 ms - -[0m
[0mGET /api/suppliers [36m304[0m 36.427 ms - -[0m
[0mGET /api/customers [36m304[0m 50.002 ms - -[0m
[0mGET /api/sales [36m304[0m 55.899 ms - -[0m
[0mGET /api/categories [36m304[0m 62.802 ms - -[0m
[0mGET /api/products [36m304[0m 68.083 ms - -[0m
[0mGET /api/purchases [36m304[0m 62.688 ms - -[0m
[0mGET /api/users [36m304[0m 25.204 ms - -[0m
[0mGET /api/missing-requests [36m304[0m 23.707 ms - -[0m
[0mGET /api/products [36m304[0m 43.377 ms - -[0m
[0mGET /api/sales [36m304[0m 56.897 ms - -[0m
[0mGET /api/categories [36m304[0m 57.844 ms - -[0m
[0mGET /api/suppliers [36m304[0m 61.569 ms - -[0m
[0mGET /api/customers [36m304[0m 64.506 ms - -[0m
[0mGET /api/purchases [36m304[0m 64.372 ms - -[0m
[0mGET /api/users [36m304[0m 23.882 ms - -[0m
[0mGET /api/missing-requests [36m304[0m 23.798 ms - -[0m
[0mGET /api/sales [36m304[0m 47.939 ms - -[0m
[0mGET /api/products [36m304[0m 54.072 ms - -[0m
[0mGET /api/categories [36m304[0m 50.439 ms - -[0m
[0mGET /api/purchases [36m304[0m 51.476 ms - -[0m
[0mGET /api/customers [36m304[0m 58.547 ms - -[0m
[0mGET /api/suppliers [36m304[0m 58.119 ms - -[0m
[0mGET /api/users [36m304[0m 23.697 ms - -[0m
[0mGET /api/missing-requests [36m304[0m 22.160 ms - -[0m
[0mGET /api/health [32m200[0m 1.081 ms - 50[0m
[0mPOST /api/auth/login [32m200[0m 236.114 ms - 417[0m
[0mGET / [36m304[0m 1.072 ms - -[0m
[0mGET /css/styles.css [36m304[0m 2.113 ms - -[0m
[0mGET /js/config.js?v=20260502-5 [36m304[0m 2.554 ms - -[0m
[0mGET /js/api.js?v=20260502-5 [36m304[0m 1.411 ms - -[0m
[0mGET /js/products.js?v=20260502-5 [36m304[0m 1.620 ms - -[0m
[0mGET /js/state.js?v=20260502-5 [36m304[0m 2.987 ms - -[0m
[0mGET /js/sales.js?v=20260502-5 [36m304[0m 2.401 ms - -[0m
[0mGET /js/reports.js?v=20260502-5 [36m304[0m 3.537 ms - -[0m
[0mGET /js/ui.js?v=20260502-5 [36m304[0m 1.701 ms - -[0m
[0mGET /js/app.js?v=20260502-5 [36m304[0m 2.021 ms - -[0m
[0mGET /api/auth/me [32m200[0m 4.875 ms - 170[0m
[0mGET /api/purchases [33m403[0m 11.212 ms - 74[0m
[0mGET /api/products [32m200[0m 29.820 ms - 2761[0m
[0mGET /api/categories [32m200[0m 28.144 ms - 829[0m
[0mGET /api/users [33m403[0m 11.767 ms - 74[0m
[0mGET /api/customers [32m200[0m 31.280 ms - 234[0m
[0mGET /api/sales [32m200[0m 34.924 ms - 5378[0m
[0mGET /api/suppliers [32m200[0m 33.600 ms - 256[0m
[0mGET /api/missing-requests [32m200[0m 11.264 ms - 931[0m
[0mGET /api/products [36m304[0m 40.101 ms - -[0m
[0mGET /api/customers [36m304[0m 37.012 ms - -[0m
[0mGET /api/categories [36m304[0m 40.152 ms - -[0m
[0mGET /api/suppliers [36m304[0m 42.226 ms - -[0m
[0mGET /api/sales [36m304[0m 50.546 ms - -[0m
[0mGET /api/purchases [36m304[0m 46.447 ms - -[0m
[0mGET /api/users [32m200[0m 18.925 ms - 1144[0m
[0mGET /api/missing-requests [36m304[0m 18.412 ms - -[0m
[0mGET /api/purchases [33m403[0m 14.568 ms - 74[0m
[0mGET /api/suppliers [36m304[0m 39.216 ms - -[0m
[0mGET /api/customers [36m304[0m 43.269 ms - -[0m
[0mGET /api/sales [36m304[0m 54.463 ms - -[0m
[0mGET /api/users [33m403[0m 30.741 ms - 74[0m
[0mGET /api/categories [36m304[0m 58.330 ms - -[0m
[0mGET /api/products [36m304[0m 68.421 ms - -[0m
[0mGET /api/missing-requests [36m304[0m 20.093 ms - -[0m
[0mPATCH /api/users/c355915d-4655-414e-ba49-f8c326621596 [32m200[0m 24.884 ms - 394[0m
[0mGET /api/purchases [33m403[0m 19.616 ms - 74[0m
[0mGET /api/products [36m304[0m 65.872 ms - -[0m
[0mGET /api/suppliers [36m304[0m 58.801 ms - -[0m
[0mGET /api/sales [36m304[0m 70.541 ms - -[0m
[0mGET /api/customers [36m304[0m 68.215 ms - -[0m
[0mGET /api/categories [36m304[0m 74.218 ms - -[0m
[0mGET /api/users [33m403[0m 34.286 ms - 74[0m
[0mGET /api/missing-requests [36m304[0m 17.966 ms - -[0m
[0mGET /api/suppliers [36m304[0m 39.235 ms - -[0m
[0mGET /api/categories [36m304[0m 75.124 ms - -[0m
[0mGET /api/purchases [36m304[0m 71.301 ms - -[0m
[0mGET /api/products [36m304[0m 87.954 ms - -[0m
[0mGET /api/customers [36m304[0m 86.441 ms - -[0m
[0mGET /api/sales [36m304[0m 98.110 ms - -[0m
[0mGET /api/users [32m200[0m 25.918 ms - 1166[0m
[0mGET /api/missing-requests [36m304[0m 24.389 ms - -[0m
[0mGET / [36m304[0m 0.742 ms - -[0m
[0mGET /css/styles.css [36m304[0m 1.583 ms - -[0m
[0mGET /js/config.js?v=20260502-5 [36m304[0m 2.959 ms - -[0m
[0mGET /js/state.js?v=20260502-5 [36m304[0m 3.718 ms - -[0m
[0mGET /js/api.js?v=20260502-5 [36m304[0m 5.255 ms - -[0m
[0mGET /js/products.js?v=20260502-5 [36m304[0m 1.971 ms - -[0m
[0mGET /js/sales.js?v=20260502-5 [36m304[0m 6.253 ms - -[0m
[0mGET /js/reports.js?v=20260502-5 [36m304[0m 4.951 ms - -[0m
[0mGET /js/ui.js?v=20260502-5 [36m304[0m 5.721 ms - -[0m
[0mGET /js/app.js?v=20260502-5 [36m304[0m 5.792 ms - -[0m
[0mGET /api/auth/me [36m304[0m 4.933 ms - -[0m
[0mGET /api/purchases [33m403[0m 12.505 ms - 74[0m
[0mGET /api/suppliers [36m304[0m 29.283 ms - -[0m
[0mGET /api/customers [36m304[0m 32.277 ms - -[0m
[0mGET /api/sales [36m304[0m 40.206 ms - -[0m
[0mGET /api/products [36m304[0m 46.074 ms - -[0m
[0mGET /api/users [33m403[0m 19.992 ms - 74[0m
[0mGET /api/categories [36m304[0m 42.843 ms - -[0m
[0mGET /api/missing-requests [36m304[0m 11.529 ms - -[0m
[0mGET / [36m304[0m 0.911 ms - -[0m
[0mGET /css/styles.css [36m304[0m 1.804 ms - -[0m
[0mGET /js/config.js?v=20260502-5 [36m304[0m 2.060 ms - -[0m
[0mGET /js/state.js?v=20260502-5 [36m304[0m 3.788 ms - -[0m
[0mGET /js/api.js?v=20260502-5 [36m304[0m 2.358 ms - -[0m
[0mGET /js/products.js?v=20260502-5 [36m304[0m 2.939 ms - -[0m
[0mGET /js/sales.js?v=20260502-5 [36m304[0m 6.536 ms - -[0m
[0mGET /js/reports.js?v=20260502-5 [36m304[0m 3.631 ms - -[0m
[0mGET /js/ui.js?v=20260502-5 [36m304[0m 5.037 ms - -[0m
[0mGET /js/app.js?v=20260502-5 [36m304[0m 1.985 ms - -[0m
[0mGET /api/auth/me [36m304[0m 6.785 ms - -[0m
[0mGET /api/purchases [33m403[0m 14.740 ms - 74[0m
[0mGET /api/products [36m304[0m 33.977 ms - -[0m
[0mGET /api/customers [36m304[0m 31.541 ms - -[0m
[0mGET /api/users [33m403[0m 12.424 ms - 74[0m
[0mGET /api/sales [36m304[0m 38.515 ms - -[0m
[0mGET /api/categories [36m304[0m 38.739 ms - -[0m
[0mGET /api/suppliers [36m304[0m 37.261 ms - -[0m
[0mGET /api/missing-requests [36m304[0m 11.546 ms - -[0m
[0mGET / [36m304[0m 1.075 ms - -[0m
[0mGET /css/styles.css [36m304[0m 2.482 ms - -[0m
[0mGET /js/config.js?v=20260502-5 [36m304[0m 1.998 ms - -[0m
[0mGET /js/state.js?v=20260502-5 [36m304[0m 4.264 ms - -[0m
[0mGET /js/api.js?v=20260502-5 [36m304[0m 3.013 ms - -[0m
[0mGET /js/products.js?v=20260502-5 [36m304[0m 4.050 ms - -[0m
[0mGET /js/sales.js?v=20260502-5 [36m304[0m 4.448 ms - -[0m
[0mGET /js/reports.js?v=20260502-5 [36m304[0m 1.986 ms - -[0m
[0mGET /js/ui.js?v=20260502-5 [36m304[0m 2.438 ms - -[0m
[0mGET /js/app.js?v=20260502-5 [36m304[0m 3.367 ms - -[0m
[0mGET /api/auth/me [36m304[0m 5.333 ms - -[0m
[0mGET /api/purchases [33m403[0m 11.880 ms - 74[0m
[0mGET /api/products [36m304[0m 32.573 ms - -[0m
[0mGET /api/sales [36m304[0m 32.733 ms - -[0m
[0mGET /api/users [33m403[0m 13.590 ms - 74[0m
[0mGET /api/categories [36m304[0m 34.686 ms - -[0m
[0mGET /api/suppliers [36m304[0m 33.731 ms - -[0m
[0mGET /api/customers [36m304[0m 36.532 ms - -[0m
[0mGET /api/missing-requests [36m304[0m 10.260 ms - -[0m
[0mGET / [36m304[0m 0.923 ms - -[0m
[0mGET /css/styles.css [36m304[0m 1.854 ms - -[0m
[0mGET /js/config.js?v=20260502-5 [36m304[0m 2.721 ms - -[0m
[0mGET /js/state.js?v=20260502-5 [36m304[0m 3.704 ms - -[0m
[0mGET /js/api.js?v=20260502-5 [36m304[0m 3.820 ms - -[0m
[0mGET /js/products.js?v=20260502-5 [36m304[0m 4.249 ms - -[0m
[0mGET /js/sales.js?v=20260502-5 [36m304[0m 4.675 ms - -[0m
[0mGET /js/reports.js?v=20260502-5 [36m304[0m 6.148 ms - -[0m
[0mGET /js/ui.js?v=20260502-5 [36m304[0m 2.536 ms - -[0m
[0mGET /js/app.js?v=20260502-5 [36m304[0m 2.418 ms - -[0m
[0mGET /api/customers [36m304[0m 40.987 ms - -[0m
[0mGET /api/suppliers [36m304[0m 72.027 ms - -[0m
[0mGET /api/purchases [36m304[0m 73.854 ms - -[0m
[0mGET /api/products [36m304[0m 90.567 ms - -[0m
[0mGET /api/sales [36m304[0m 90.186 ms - -[0m
[0mGET /api/categories [36m304[0m 88.302 ms - -[0m
[0mGET /api/users [36m304[0m 19.903 ms - -[0m
[0mGET /api/missing-requests [36m304[0m 20.525 ms - -[0m
[0mGET /api/health [36m304[0m 1.061 ms - -[0m
[0mPOST /api/auth/login [33m401[0m 207.687 ms - 63[0m
[0mGET /api/products [36m304[0m 50.990 ms - -[0m
[0mGET /api/suppliers [36m304[0m 42.687 ms - -[0m
[0mGET /api/categories [36m304[0m 48.826 ms - -[0m
[0mGET /api/purchases [36m304[0m 54.302 ms - -[0m
[0mGET /api/customers [36m304[0m 60.441 ms - -[0m
[0mGET /api/sales [36m304[0m 71.108 ms - -[0m
[0mGET /api/users [36m304[0m 33.925 ms - -[0m
[0mGET /api/missing-requests [36m304[0m 33.308 ms - -[0m
[0mGET /api/health [36m304[0m 1.092 ms - -[0m
[0mPOST /api/auth/login [32m200[0m 226.621 ms - 417[0m
[0mGET / [36m304[0m 3.337 ms - -[0m
[0mGET /css/styles.css [36m304[0m 1.077 ms - -[0m
[0mGET /js/config.js?v=20260502-5 [36m304[0m 1.210 ms - -[0m
[0mGET /js/state.js?v=20260502-5 [36m304[0m 1.955 ms - -[0m
[0mGET /js/products.js?v=20260502-5 [36m304[0m 3.283 ms - -[0m
[0mGET /js/api.js?v=20260502-5 [36m304[0m 5.303 ms - -[0m
[0mGET /js/sales.js?v=20260502-5 [36m304[0m 6.011 ms - -[0m
[0mGET /js/reports.js?v=20260502-5 [36m304[0m 4.415 ms - -[0m
[0mGET /js/ui.js?v=20260502-5 [36m304[0m 2.113 ms - -[0m
[0mGET /js/app.js?v=20260502-5 [36m304[0m 1.664 ms - -[0m
[0mGET /api/auth/me [36m304[0m 5.008 ms - -[0m
[0mGET /api/purchases [33m403[0m 11.986 ms - 74[0m
[0mGET /api/categories [36m304[0m 29.050 ms - -[0m
[0mGET /api/customers [36m304[0m 29.747 ms - -[0m
[0mGET /api/users [33m403[0m 15.650 ms - 74[0m
[0mGET /api/products [36m304[0m 39.049 ms - -[0m
[0mGET /api/sales [36m304[0m 38.687 ms - -[0m
[0mGET /api/suppliers [36m304[0m 38.176 ms - -[0m
[0mGET /api/missing-requests [36m304[0m 8.803 ms - -[0m
[0mGET /api/products [36m304[0m 81.862 ms - -[0m
[0mGET /api/sales [36m304[0m 82.826 ms - -[0m
[0mGET /api/categories [36m304[0m 82.680 ms - -[0m
[0mGET /api/customers [36m304[0m 90.138 ms - -[0m
[0mGET /api/suppliers [36m304[0m 90.069 ms - -[0m
[0mGET /api/purchases [36m304[0m 91.030 ms - -[0m
[0mGET /api/users [32m200[0m 27.857 ms - 1166[0m
[0mGET /api/missing-requests [36m304[0m 25.014 ms - -[0m
[0mGET /api/purchases [33m403[0m 21.518 ms - 74[0m
[0mGET /api/sales [36m304[0m 76.870 ms - -[0m
[0mGET /api/suppliers [36m304[0m 73.389 ms - -[0m
[0mGET /api/products [36m304[0m 84.920 ms - -[0m
[0mGET /api/customers [36m304[0m 79.614 ms - -[0m
[0mGET /api/categories [36m304[0m 82.804 ms - -[0m
[0mGET /api/users [33m403[0m 24.997 ms - 74[0m
[0mGET /api/missing-requests [36m304[0m 12.121 ms - -[0m
[0mGET /api/purchases [36m304[0m 57.603 ms - -[0m
[0mGET /api/suppliers [36m304[0m 60.466 ms - -[0m
[0mGET /api/sales [36m304[0m 67.133 ms - -[0m
[0mGET /api/customers [36m304[0m 72.813 ms - -[0m
[0mGET /api/products [36m304[0m 81.443 ms - -[0m
[0mGET /api/categories [36m304[0m 79.364 ms - -[0m
[0mGET /api/users [36m304[0m 23.742 ms - -[0m
[0mGET /api/missing-requests [36m304[0m 21.118 ms - -[0m
[0mGET /api/purchases [33m403[0m 17.290 ms - 74[0m
[0mGET /api/products [36m304[0m 71.830 ms - -[0m
[0mGET /api/sales [36m304[0m 74.217 ms - -[0m
[0mGET /api/categories [36m304[0m 75.347 ms - -[0m
[0mGET /api/customers [36m304[0m 75.259 ms - -[0m
[0mGET /api/suppliers [36m304[0m 76.734 ms - -[0m
[0mGET /api/users [33m403[0m 29.184 ms - 74[0m
[0mGET /api/missing-requests [36m304[0m 11.405 ms - -[0m
[0mGET /api/products [36m304[0m 48.369 ms - -[0m
[0mGET /api/sales [36m304[0m 77.421 ms - -[0m
[0mGET /api/categories [36m304[0m 77.120 ms - -[0m
[0mGET /api/customers [36m304[0m 80.581 ms - -[0m
[0mGET /api/purchases [36m304[0m 78.463 ms - -[0m
[0mGET /api/suppliers [36m304[0m 85.921 ms - -[0m
[0mGET /api/users [36m304[0m 27.175 ms - -[0m
[0mGET /api/missing-requests [36m304[0m 27.367 ms - -[0m
[0mGET /api/products [36m304[0m 41.015 ms - -[0m
[0mGET /api/sales [36m304[0m 53.862 ms - -[0m
[0mGET /api/categories [36m304[0m 51.026 ms - -[0m
[0mGET /api/purchases [36m304[0m 49.145 ms - -[0m
[0mGET /api/customers [36m304[0m 56.728 ms - -[0m
[0mGET /api/suppliers [36m304[0m 53.915 ms - -[0m
[0mGET /api/users [36m304[0m 33.576 ms - -[0m
[0mGET /api/missing-requests [36m304[0m 16.566 ms - -[0m
[0mGET / [32m200[0m 1.839 ms - 5188[0m
[0mGET / [36m304[0m 0.954 ms - -[0m
[0mGET /css/styles.css [36m304[0m 0.591 ms - -[0m
[0mGET /js/config.js?v=20260502-5 [36m304[0m 0.917 ms - -[0m
[0mGET /js/state.js?v=20260502-5 [36m304[0m 0.598 ms - -[0m
[0mGET /js/api.js?v=20260502-5 [36m304[0m 0.582 ms - -[0m
[0mGET /js/products.js?v=20260502-5 [36m304[0m 1.235 ms - -[0m
[0mGET /js/sales.js?v=20260502-5 [36m304[0m 1.737 ms - -[0m
[0mGET /js/reports.js?v=20260502-5 [36m304[0m 0.553 ms - -[0m
[0mGET /js/ui.js?v=20260502-5 [36m304[0m 0.572 ms - -[0m
[0mGET /js/app.js?v=20260502-5 [32m200[0m 1.129 ms - 12135[0m
[0mGET /api/auth/me [36m304[0m 4.171 ms - -[0m
[0mGET /api/products [36m304[0m 37.228 ms - -[0m
[0mGET /api/purchases [36m304[0m 30.867 ms - -[0m
[0mGET /api/customers [36m304[0m 36.546 ms - -[0m
[0mGET /api/categories [36m304[0m 44.489 ms - -[0m
[0mGET /api/sales [36m304[0m 52.522 ms - -[0m
[0mGET /api/suppliers [36m304[0m 47.871 ms - -[0m
[0mGET /api/users [36m304[0m 35.044 ms - -[0m
[0mGET /api/missing-requests [36m304[0m 25.266 ms - -[0m
[0mGET / [36m304[0m 0.662 ms - -[0m
[0mGET /css/styles.css [36m304[0m 0.628 ms - -[0m
[0mGET /js/config.js?v=20260502-5 [36m304[0m 0.563 ms - -[0m
[0mGET /js/state.js?v=20260502-5 [36m304[0m 1.043 ms - -[0m
[0mGET /js/api.js?v=20260502-5 [36m304[0m 1.780 ms - -[0m
[0mGET /js/products.js?v=20260502-5 [36m304[0m 2.264 ms - -[0m
[0mGET /js/sales.js?v=20260502-5 [36m304[0m 0.628 ms - -[0m
[0mGET /js/reports.js?v=20260502-5 [36m304[0m 0.707 ms - -[0m
[0mGET /js/ui.js?v=20260502-5 [36m304[0m 1.261 ms - -[0m
[0mGET /js/app.js?v=20260502-5 [36m304[0m 0.514 ms - -[0m
[0mGET /api/auth/me [36m304[0m 4.146 ms - -[0m
[0mGET /api/products [36m304[0m 14.993 ms - -[0m
[0mGET /api/sales [36m304[0m 14.770 ms - -[0m
[0mGET /api/categories [36m304[0m 32.877 ms - -[0m
[0mGET /api/customers [36m304[0m 32.486 ms - -[0m
[0mGET /api/missing-requests [36m304[0m 26.743 ms - -[0m
[0mGET /api/suppliers [36m304[0m 33.136 ms - -[0m
[0mGET /api/users [36m304[0m 30.915 ms - -[0m
[0mGET /api/purchases [36m304[0m 35.237 ms - -[0m
[0mGET /api/purchases [36m304[0m 37.109 ms - -[0m
[0mGET /api/sales [36m304[0m 75.494 ms - -[0m
[0mGET /api/suppliers [36m304[0m 72.555 ms - -[0m
[0mGET /api/products [36m304[0m 82.571 ms - -[0m
[0mGET /api/customers [36m304[0m 79.421 ms - -[0m
[0mGET /api/categories [36m304[0m 85.601 ms - -[0m
[0mGET /api/users [36m304[0m 20.200 ms - -[0m
[0mGET /api/missing-requests [36m304[0m 19.395 ms - -[0m
[0mPOST /api/users [32m201[0m 229.720 ms - 399[0m
[0mGET / [36m304[0m 1.312 ms - -[0m
[0mGET /css/styles.css [36m304[0m 0.730 ms - -[0m
[0mGET /js/config.js?v=20260502-5 [36m304[0m 0.676 ms - -[0m
[0mGET /js/state.js?v=20260502-5 [36m304[0m 2.135 ms - -[0m
[0mGET /js/products.js?v=20260502-5 [36m304[0m 1.701 ms - -[0m
[0mGET /js/api.js?v=20260502-5 [36m304[0m 2.212 ms - -[0m
[0mGET /js/sales.js?v=20260502-5 [36m304[0m 1.241 ms - -[0m
[0mGET /js/reports.js?v=20260502-5 [36m304[0m 1.663 ms - -[0m
[0mGET /js/ui.js?v=20260502-5 [36m304[0m 0.535 ms - -[0m
[0mGET /js/app.js?v=20260502-5 [36m304[0m 0.861 ms - -[0m
[0mGET /api/health [36m304[0m 1.179 ms - -[0m
[0mPOST /api/auth/login [32m200[0m 268.250 ms - 407[0m
[0mGET / [36m304[0m 0.853 ms - -[0m
[0mGET /css/styles.css [36m304[0m 0.692 ms - -[0m
[0mGET /js/config.js?v=20260502-5 [36m304[0m 0.825 ms - -[0m
[0mGET /js/state.js?v=20260502-5 [36m304[0m 1.942 ms - -[0m
[0mGET /js/api.js?v=20260502-5 [36m304[0m 1.714 ms - -[0m
[0mGET /js/products.js?v=20260502-5 [36m304[0m 2.492 ms - -[0m
[0mGET /js/sales.js?v=20260502-5 [36m304[0m 3.071 ms - -[0m
[0mGET /js/reports.js?v=20260502-5 [36m304[0m 4.546 ms - -[0m
[0mGET /js/ui.js?v=20260502-5 [36m304[0m 2.327 ms - -[0m
[0mGET /js/app.js?v=20260502-5 [36m304[0m 1.787 ms - -[0m
[0mGET /api/auth/me [32m200[0m 5.163 ms - 160[0m
[0mGET /api/purchases [33m403[0m 13.042 ms - 74[0m
[0mGET /api/products [36m304[0m 40.059 ms - -[0m
[0mGET /api/customers [36m304[0m 33.885 ms - -[0m
[0mGET /api/users [33m403[0m 14.466 ms - 74[0m
[0mGET /api/suppliers [36m304[0m 39.792 ms - -[0m
[0mGET /api/sales [36m304[0m 50.515 ms - -[0m
[0mGET /api/categories [36m304[0m 49.621 ms - -[0m
[0mGET /api/missing-requests [36m304[0m 18.176 ms - -[0m
[0mGET /api/categories [36m304[0m 35.104 ms - -[0m
[0mGET /api/purchases [33m403[0m 63.054 ms - 74[0m
[0mGET /api/suppliers [36m304[0m 71.523 ms - -[0m
[0mGET /api/products [36m304[0m 83.915 ms - -[0m
[0mGET /api/sales [36m304[0m 90.784 ms - -[0m
[0mGET /api/users [33m403[0m 22.186 ms - 74[0m
[0mGET /api/customers [36m304[0m 90.705 ms - -[0m
[0mGET /api/missing-requests [36m304[0m 21.525 ms - -[0m
[0mGET /api/products [36m304[0m 45.556 ms - -[0m
[0mGET /api/sales [36m304[0m 46.912 ms - -[0m
[0mGET /api/purchases [33m403[0m 41.946 ms - 74[0m
[0mGET /api/customers [36m304[0m 64.296 ms - -[0m
[0mGET /api/categories [36m304[0m 68.710 ms - -[0m
[0mGET /api/suppliers [36m304[0m 66.713 ms - -[0m
[0mGET /api/users [33m403[0m 30.521 ms - 74[0m
[0mGET /api/missing-requests [36m304[0m 26.555 ms - -[0m
[0mGET /api/products [36m304[0m 16.005 ms - -[0m
[0mGET /api/sales [36m304[0m 58.206 ms - -[0m
[0mGET /api/purchases [33m403[0m 14.677 ms - 74[0m
[0mGET /api/users [33m403[0m 14.055 ms - 74[0m
[0mGET /api/suppliers [36m304[0m 29.595 ms - -[0m
[0mGET /api/categories [36m304[0m 33.252 ms - -[0m
[0mGET /api/customers [36m304[0m 32.650 ms - -[0m
[0mGET /api/missing-requests [36m304[0m 17.328 ms - -[0m
[0mGET /api/products [36m304[0m 31.350 ms - -[0m
[0mGET /api/sales [36m304[0m 76.611 ms - -[0m
[0mGET /api/users [33m403[0m 23.255 ms - 74[0m
[0mGET /api/purchases [33m403[0m 65.595 ms - 74[0m
[0mGET /api/customers [36m304[0m 84.691 ms - -[0m
[0mGET /api/categories [36m304[0m 91.802 ms - -[0m
[0mGET /api/suppliers [36m304[0m 87.579 ms - -[0m
[0mGET /api/missing-requests [36m304[0m 28.879 ms - -[0m
[0mGET /api/purchases [33m403[0m 18.720 ms - 74[0m
[0mGET /api/customers [36m304[0m 70.171 ms - -[0m
[0mGET /api/sales [36m304[0m 85.904 ms - -[0m
[0mGET /api/products [36m304[0m 91.396 ms - -[0m
[0mGET /api/users [33m403[0m 25.665 ms - 74[0m
[0mGET /api/categories [36m304[0m 92.509 ms - -[0m
[0mGET /api/suppliers [36m304[0m 84.705 ms - -[0m
[0mGET /api/missing-requests [36m304[0m 27.218 ms - -[0m
[0mGET /api/products [36m304[0m 40.878 ms - -[0m
[0mGET /api/purchases [33m403[0m 54.569 ms - 74[0m
[0mGET /api/sales [36m304[0m 85.734 ms - -[0m
[0mGET /api/users [33m403[0m 21.422 ms - 74[0m
[0mGET /api/customers [36m304[0m 85.343 ms - -[0m
[0mGET /api/categories [36m304[0m 91.249 ms - -[0m
[0mGET /api/suppliers [36m304[0m 85.836 ms - -[0m
[0mGET /api/missing-requests [36m304[0m 25.854 ms - -[0m
[0mGET /api/products [36m304[0m 19.204 ms - -[0m
[0mGET /api/users [33m403[0m 22.292 ms - 74[0m
[0mGET /api/purchases [33m403[0m 25.693 ms - 74[0m
[0mGET /api/sales [36m304[0m 78.060 ms - -[0m
[0mGET /api/categories [36m304[0m 89.302 ms - -[0m
[0mGET /api/suppliers [36m304[0m 49.906 ms - -[0m
[0mGET /api/customers [36m304[0m 53.798 ms - -[0m
[0mGET /api/missing-requests [36m304[0m 24.782 ms - -[0m
[0mGET /api/products [36m304[0m 23.978 ms - -[0m
[0mGET /api/categories [36m304[0m 69.835 ms - -[0m
[0mGET /api/customers [36m304[0m 65.746 ms - -[0m
[0mGET /api/sales [36m304[0m 77.221 ms - -[0m
[0mGET /api/users [33m403[0m 31.411 ms - 74[0m
[0mGET /api/purchases [33m403[0m 72.973 ms - 74[0m
[0mGET /api/suppliers [36m304[0m 81.769 ms - -[0m
[0mGET /api/missing-requests [36m304[0m 21.268 ms - -[0m
[0mGET /api/products [36m304[0m 11.411 ms - -[0m
[0mGET /api/purchases [33m403[0m 14.236 ms - 74[0m
[0mGET /api/users [33m403[0m 14.442 ms - 74[0m
[0mGET /api/sales [36m304[0m 39.541 ms - -[0m
[0mGET /api/suppliers [36m304[0m 37.296 ms - -[0m
[0mGET /api/categories [36m304[0m 42.667 ms - -[0m
[0mGET /api/customers [36m304[0m 42.590 ms - -[0m
[0mGET /api/missing-requests [36m304[0m 24.603 ms - -[0m
[0mGET /api/products [36m304[0m 13.577 ms - -[0m
[0mGET /api/purchases [33m403[0m 13.229 ms - 74[0m
[0mGET /api/users [33m403[0m 14.543 ms - 74[0m
[0mGET /api/categories [36m304[0m 39.877 ms - -[0m
[0mGET /api/customers [36m304[0m 39.613 ms - -[0m
[0mGET /api/sales [36m304[0m 49.909 ms - -[0m
[0mGET /api/suppliers [36m304[0m 42.600 ms - -[0m
[0mGET /api/missing-requests [36m304[0m 26.030 ms - -[0m
[0mGET /api/products [36m304[0m 18.700 ms - -[0m
[0mGET /api/sales [36m304[0m 66.931 ms - -[0m
[0mGET /api/purchases [33m403[0m 23.444 ms - 74[0m
[0mGET /api/users [33m403[0m 23.999 ms - 74[0m
[0mGET /api/categories [36m304[0m 74.768 ms - -[0m
[0mGET /api/customers [36m304[0m 73.212 ms - -[0m
[0mGET /api/suppliers [36m304[0m 39.390 ms - -[0m
[0mGET /api/missing-requests [36m304[0m 19.472 ms - -[0m
[0mGET /api/purchases [33m403[0m 17.636 ms - 74[0m
[0mGET /api/products [36m304[0m 34.604 ms - -[0m
[0mGET /api/sales [36m304[0m 52.206 ms - -[0m
[0mGET /api/users [33m403[0m 22.912 ms - 74[0m
[0mGET /api/customers [36m304[0m 55.033 ms - -[0m
[0mGET /api/suppliers [36m304[0m 54.847 ms - -[0m
[0mGET /api/categories [36m304[0m 61.930 ms - -[0m
[0mGET /api/missing-requests [36m304[0m 36.126 ms - -[0m
[0mGET /api/products [36m304[0m 12.947 ms - -[0m
[0mGET /api/purchases [33m403[0m 17.383 ms - 74[0m
[0mGET /api/users [33m403[0m 16.658 ms - 74[0m
[0mGET /api/sales [36m304[0m 74.460 ms - -[0m
[0mGET /api/customers [36m304[0m 39.228 ms - -[0m
[0mGET /api/suppliers [36m304[0m 41.437 ms - -[0m
[0mGET /api/categories [36m304[0m 45.762 ms - -[0m
[0mGET /api/missing-requests [36m304[0m 21.097 ms - -[0m
[0mGET /api/products [36m304[0m 13.195 ms - -[0m
[0mGET /api/sales [36m304[0m 37.785 ms - -[0m
[0mGET /api/users [33m403[0m 21.408 ms - 74[0m
[0mGET /api/purchases [33m403[0m 30.269 ms - 74[0m
[0mGET /api/categories [36m304[0m 47.008 ms - -[0m
[0mGET /api/customers [36m304[0m 48.266 ms - -[0m
[0mGET /api/suppliers [36m304[0m 45.095 ms - -[0m
[0mGET /api/missing-requests [36m304[0m 22.473 ms - -[0m
[0mGET /api/products [36m304[0m 12.180 ms - -[0m
[0mGET /api/purchases [33m403[0m 15.620 ms - 74[0m
[0mGET /api/users [33m403[0m 23.299 ms - 74[0m
[0mGET /api/customers [36m304[0m 36.532 ms - -[0m
[0mGET /api/sales [36m304[0m 45.057 ms - -[0m
[0mGET /api/categories [36m304[0m 44.825 ms - -[0m
[0mGET /api/suppliers [36m304[0m 41.480 ms - -[0m
[0mGET /api/missing-requests [36m304[0m 25.397 ms - -[0m
[0mGET /api [33m404[0m 0.793 ms - 58[0m
[0mGET /api/products [36m304[0m 6.848 ms - -[0m
[0mGET /api/purchases [33m403[0m 14.769 ms - 74[0m
[0mGET /api/users [33m403[0m 13.678 ms - 74[0m
[0mGET /api/sales [36m304[0m 43.055 ms - -[0m
[0mGET /api/suppliers [36m304[0m 40.849 ms - -[0m
[0mGET /api/customers [36m304[0m 44.455 ms - -[0m
[0mGET /api/categories [36m304[0m 57.099 ms - -[0m
[0mGET /api/missing-requests [36m304[0m 41.556 ms - -[0m
[0mGET /api/users [33m403[0m 17.154 ms - 74[0m
[0mGET /api/purchases [33m403[0m 20.160 ms - 74[0m
[0mGET /api/products [36m304[0m 46.289 ms - -[0m
[0mGET /api/sales [36m304[0m 284.119 ms - -[0m
[0mGET /api/suppliers [36m304[0m 282.774 ms - -[0m
[0mGET /api/customers [36m304[0m 276.746 ms - -[0m
[0mGET /api/missing-requests [36m304[0m 275.864 ms - -[0m
[0mGET /api/categories [36m304[0m 278.177 ms - -[0m
[0mGET /api/products [36m304[0m 5.880 ms - -[0m
[0mGET /api/purchases [33m403[0m 12.998 ms - 74[0m
[0mGET /api/users [33m403[0m 13.603 ms - 74[0m
[0mGET /api/sales [36m304[0m 32.060 ms - -[0m
[0mGET /api/categories [36m304[0m 30.151 ms - -[0m
[0mGET /api/suppliers [36m304[0m 28.681 ms - -[0m
[0mGET /api/customers [36m304[0m 30.832 ms - -[0m
[0mGET /api/missing-requests [36m304[0m 14.754 ms - -[0m
[0mGET /api/purchases [33m403[0m 9.851 ms - 74[0m
[0mGET /api/products [36m304[0m 24.596 ms - -[0m
[0mGET /api/customers [36m304[0m 21.290 ms - -[0m
[0mGET /api/sales [36m304[0m 25.056 ms - -[0m
[0mGET /api/suppliers [36m304[0m 23.781 ms - -[0m
[0mGET /api/categories [36m304[0m 26.685 ms - -[0m
[0mGET /api/users [33m403[0m 15.478 ms - 74[0m
[0mGET /api/missing-requests [36m304[0m 16.526 ms - -[0m
[0mGET /api/purchases [33m403[0m 12.531 ms - 74[0m
[0mGET /api/products [36m304[0m 36.569 ms - -[0m
[0mGET /api/suppliers [36m304[0m 34.698 ms - -[0m
[0mGET /api/sales [36m304[0m 40.606 ms - -[0m
[0mGET /api/users [33m403[0m 25.115 ms - 74[0m
[0mGET /api/categories [36m304[0m 42.041 ms - -[0m
[0mGET /api/customers [36m304[0m 42.493 ms - -[0m
[0mGET /api/missing-requests [36m304[0m 12.036 ms - -[0m
[0mGET /api/purchases [33m403[0m 9.147 ms - 74[0m
[0mGET /api/products [36m304[0m 21.664 ms - -[0m
[0mGET /api/categories [36m304[0m 21.272 ms - -[0m
[0mGET /api/customers [36m304[0m 24.711 ms - -[0m
[0mGET /api/sales [36m304[0m 27.159 ms - -[0m
[0mGET /api/suppliers [36m304[0m 24.388 ms - -[0m
[0mGET /api/users [33m403[0m 12.068 ms - 74[0m
[0mGET /api/missing-requests [36m304[0m 14.164 ms - -[0m
[0mGET /api/products [36m304[0m 6.804 ms - -[0m
[0mGET /api/sales [36m304[0m 7.549 ms - -[0m
[0mGET /api/categories [36m304[0m 4.211 ms - -[0m
[0mGET /api/customers [36m304[0m 3.101 ms - -[0m
[0mGET /api/purchases [33m403[0m 3.306 ms - 74[0m
[0mGET /api/suppliers [36m304[0m 5.971 ms - -[0m
[0mGET /api/users [33m403[0m 4.465 ms - 74[0m
[0mGET /api/missing-requests [36m304[0m 4.940 ms - -[0m
[0mGET /api/products [36m304[0m 12.369 ms - -[0m
[0mGET /api/purchases [33m403[0m 5.851 ms - 74[0m
[0mGET /api/customers [36m304[0m 10.722 ms - -[0m
[0mGET /api/sales [36m304[0m 15.374 ms - -[0m
[0mGET /api/categories [36m304[0m 15.054 ms - -[0m
[0mGET /api/users [33m403[0m 6.497 ms - 74[0m
[0mGET /api/suppliers [36m304[0m 15.047 ms - -[0m
[0mGET /api/missing-requests [36m304[0m 6.753 ms - -[0m
[0mGET /api/products [36m304[0m 8.815 ms - -[0m
[0mGET /api/sales [36m304[0m 17.235 ms - -[0m
[0mGET /api/users [33m403[0m 7.916 ms - 74[0m
[0mGET /api/purchases [33m403[0m 15.073 ms - 74[0m
[0mGET /api/customers [36m304[0m 21.772 ms - -[0m
[0mGET /api/suppliers [36m304[0m 21.995 ms - -[0m
[0mGET /api/categories [36m304[0m 23.815 ms - -[0m
[0mGET /api/missing-requests [36m304[0m 8.814 ms - -[0m
[0mGET /api/purchases [33m403[0m 10.016 ms - 74[0m
[0mGET /api/categories [36m304[0m 19.258 ms - -[0m
[0mGET /api/suppliers [36m304[0m 17.936 ms - -[0m
[0mGET /api/sales [36m304[0m 23.973 ms - -[0m
[0mGET /api/products [36m304[0m 25.595 ms - -[0m
[0mGET /api/customers [36m304[0m 23.873 ms - -[0m
[0mGET /api/users [33m403[0m 6.361 ms - 74[0m
[0mGET /api/missing-requests [36m304[0m 8.311 ms - -[0m
[0mGET /api/products [36m304[0m 5.388 ms - -[0m
[0mGET /api/sales [36m304[0m 9.880 ms - -[0m
[0mGET /api/categories [36m304[0m 15.279 ms - -[0m
[0mGET /api/users [33m403[0m 11.962 ms - 74[0m
[0mGET /api/purchases [33m403[0m 14.041 ms - 74[0m
[0mGET /api/customers [36m304[0m 19.607 ms - -[0m
[0mGET /api/missing-requests [36m304[0m 12.626 ms - -[0m
[0mGET /api/suppliers [36m304[0m 20.023 ms - -[0m
[0mGET /api/products [36m304[0m 5.484 ms - -[0m
[0mGET /api/sales [36m304[0m 8.553 ms - -[0m
[0mGET /api/categories [36m304[0m 5.584 ms - -[0m
[0mGET /api/customers [36m304[0m 5.168 ms - -[0m
[0mGET /api/purchases [33m403[0m 3.906 ms - 74[0m
[0mGET /api/suppliers [36m304[0m 8.713 ms - -[0m
[0mGET /api/users [33m403[0m 4.643 ms - 74[0m
[0mGET /api/missing-requests [36m304[0m 6.898 ms - -[0m
[0mGET /api/products [36m304[0m 9.676 ms - -[0m
[0mGET /api/customers [36m304[0m 14.995 ms - -[0m
[0mGET /api/suppliers [36m304[0m 13.753 ms - -[0m
[0mGET /api/users [33m403[0m 8.817 ms - 74[0m
[0mGET /api/categories [36m304[0m 17.428 ms - -[0m
[0mGET /api/sales [36m304[0m 20.333 ms - -[0m
[0mGET /api/purchases [33m403[0m 13.974 ms - 74[0m
[0mGET /api/missing-requests [36m304[0m 8.389 ms - -[0m
[0mGET /api/helat [33m404[0m 0.505 ms - 64[0m
[0mGET /api/health [32m200[0m 0.769 ms - 50[0m
[0mGET /api/purchases [33m403[0m 7.202 ms - 74[0m
[0mGET /api/products [36m304[0m 18.972 ms - -[0m
[0mGET /api/suppliers [36m304[0m 15.910 ms - -[0m
[0mGET /api/sales [36m304[0m 19.794 ms - -[0m
[0mGET /api/users [33m403[0m 8.557 ms - 74[0m
[0mGET /api/customers [36m304[0m 20.133 ms - -[0m
[0mGET /api/categories [36m304[0m 22.198 ms - -[0m
[0mGET /api/missing-requests [36m304[0m 6.027 ms - -[0m
[0mGET /api/purchases [33m403[0m 5.610 ms - 74[0m
[0mGET /api/products [36m304[0m 14.945 ms - -[0m
[0mGET /api/customers [36m304[0m 13.525 ms - -[0m
[0mGET /api/sales [36m304[0m 18.181 ms - -[0m
[0mGET /api/suppliers [36m304[0m 17.259 ms - -[0m
[0mGET /api/categories [36m304[0m 19.395 ms - -[0m
[0mGET /api/users [33m403[0m 9.241 ms - 74[0m
[0mGET /api/missing-requests [36m304[0m 9.140 ms - -[0m
[0mGET /api/products [36m304[0m 6.885 ms - -[0m
[0mGET /api/sales [36m304[0m 12.880 ms - -[0m
[0mGET /api/categories [36m304[0m 15.224 ms - -[0m
[0mGET /api/users [33m403[0m 4.889 ms - 74[0m
[0mGET /api/customers [36m304[0m 14.300 ms - -[0m
[0mGET /api/purchases [33m403[0m 9.514 ms - 74[0m
[0mGET /api/suppliers [36m304[0m 13.775 ms - -[0m
[0mGET /api/missing-requests [36m304[0m 3.836 ms - -[0m
